<?xml version="1.0" encoding="UTF-8"?>
<robot generator="Robot 6.1.1 (Python 3.10.2 on win32)" generated="20231101 17:28:15.239" rpa="false" schemaversion="4">
<suite id="s1" name="Test Case 04" source="C:\Users\januk\Desktop\APITest\TestCases\test_case_04.robot">
<test id="s1-t1" name="TC_001_Get_Request_Fethch_And_Validate_Content" line="14">
<kw name="Create Session" library="RequestsLibrary">
<arg>API_Testing</arg>
<arg>${API_Base_Endpoint}</arg>
<doc>Create Session: create a HTTP session to a server</doc>
<msg timestamp="20231101 17:28:15.413" level="INFO">Creating Session using : alias=API_Testing, url=https://vpic.nhtsa.dot.gov/, headers={},                     cookies={}, auth=None, timeout=None, proxies=None, verify=False,                     debug=0 </msg>
<status status="PASS" starttime="20231101 17:28:15.413" endtime="20231101 17:28:15.413"/>
</kw>
<kw name="GET On Session" library="RequestsLibrary">
<var>${Get_Response}</var>
<arg>API_Testing</arg>
<arg>url=api//vehicles/GetVehicleVariableList?format=json</arg>
<doc>Sends a GET request on a previously created HTTP Session.</doc>
<msg timestamp="20231101 17:28:17.607" level="INFO">GET Request : url=https://vpic.nhtsa.dot.gov/api/vehicles/GetVehicleVariableList?format=json 
 path_url=/api/vehicles/GetVehicleVariableList?format=json 
 headers={'User-Agent': 'python-requests/2.27.1', 'Accept-Encoding': 'gzip, deflate', 'Accept': '*/*', 'Connection': 'keep-alive'} 
 body=None 
 </msg>
<msg timestamp="20231101 17:28:17.607" level="INFO">GET Response : url=https://vpic.nhtsa.dot.gov/api/vehicles/GetVehicleVariableList?format=json 
 status=200, reason=OK 
 headers={'Cache-Control': 'no-cache', 'Pragma': 'no-cache', 'Content-Type': 'application/json', 'Content-Encoding': 'gzip', 'Expires': '-1', 'Server': 'Microsoft-IIS/10.0', 'Request-Context': 'appId=cid-v1:39f1cd0a-de7e-435f-bf7d-39de930d88c6', 'Access-Control-Expose-Headers': 'Request-Context', 'X-AspNetmvc-Version': '5.2.9', 'Content-Length': '15495', 'Date': 'Wed, 01 Nov 2023 11:58:18 GMT', 'Connection': 'keep-alive', 'Vary': 'Accept-Encoding', 'Strict-Transport-Security': 'max-age=31536000 ; includeSubDomains ; preload'} 
 body={"Count":140,"Message":"Results returned successfully","SearchCriteria":null,"Results":[{"DataType":"string","Description":"&lt;p&gt;This field stores any other battery information that does not belong to any of the other battery related fields.&lt;\/p&gt;","GroupName":"Mechanical \/ Battery","ID":1,"Name":"Other Battery Info"},{"DataType":"lookup","Description":"&lt;p&gt;Battery type field stores the battery chemistry type for anode, cathode.&lt;\/p&gt;","GroupName":"Mechanical \/ Battery","ID":2,"Name":"Battery Type"},{"DataType":"lookup","Description":"&lt;p&gt;Bed type is the type of bed (the open back) used for pickup trucks. The common values are standard, short, long, extended.&lt;\/p&gt;","GroupName":"Exterior \/ Truck","ID":3,"Name":"Bed Type"},{"DataType":"lookup","Description":"&lt;p&gt;Cab type applies to both pickup truck and other medium- and heavy-duty trucks. The cab or cabin of a truck is the inside space in a truck where the driver is seated. For pickup trucks, the cab type is categorized by the combination number of doors and number of rows for seating. For medium- and heavy-duty trucks (MDHD), the cab type is categorized by the relative location of engine and cab.&lt;\/p&gt;&lt;p&gt;For pickup trucks, there are four cab types.&lt;\/p&gt;&lt;ul&gt;&lt;li&gt;Regular: 2 door, 1 row of seats&lt;\/li&gt;&lt;li&gt;Extra\/Super\/Quad\/Double\/King\/Extended: 2 doors, 2 rows of seats&lt;\/li&gt;&lt;li&gt;Crew\/Super Crew\/Crew Max: 4 doors, 2 rows of seats&lt;\/li&gt;&lt;li&gt;Mega: 4 doors, 2 rows of seats (with a bigger cabin than crew cab type)&lt;\/li&gt;&lt;\/ul&gt;&lt;p&gt;For medium- and heavy-duty (MDHD) trucks, there are several categories as listed below.&lt;\/p&gt;&lt;ul&gt;&lt;li&gt;Cab Beside Engine&lt;\/li&gt;&lt;li&gt;CAE: Cab Above Engine&lt;\/li&gt;&lt;li&gt;CBE: Cab Behind Engine&lt;\/li&gt;&lt;li&gt;COE: Cab Over Engine or Flat Nose: Driver sits on top of the front axle and engine&lt;\/li&gt;&lt;li&gt;LCF: Low Cab Forward&lt;\/li&gt;&lt;li&gt;Conventional: Driver sits behind the engine&lt;\/li&gt;&lt;li&gt;Non-Tilt&lt;\/li&gt;&lt;li&gt;Tilt&lt;\/li&gt;&lt;\/ul&gt;","GroupName":"Exterior \/ Truck","ID":4,"Name":"Cab Type"},{"DataType":"lookup","Description":"&lt;p&gt;Body Class presents the body type based on 49 CFR 565.12(b): \"Body type means the general configuration or shape of a vehicle distinguished by such characteristics as the number of doors or windows, cargo-carrying features and the roofline (e.g., sedan, fastback, hatchback).\" Definitions are not provided for individual body types in the regulation.&lt;\/p&gt;","GroupName":"Exterior \/ Body","ID":5,"Name":"Body Class"},{"DataType":"int","Description":"&lt;p&gt;This is a numerical field to store the number of cylinders in an engine. Common values for passenger cars are 4 or 6.&lt;\/p&gt;","GroupName":"Engine","ID":9,"Name":"Engine Number of Cylinders"},{"DataType":"lookup","Description":"&lt;p&gt;Destination Market is the market where the vehicle is intended to be sold.&lt;\/p&gt;","GroupName":"General","ID":10,"Name":"Destination Market"},{"DataType":"decimal","Description":"&lt;p&gt;Engine displacement (in cubic centimeters) is the volume swept by all the pistons inside the cylinders of a reciprocating engine in a single movement from top dead center to bottom dead center.&lt;\/p&gt;","GroupName":"Engine","ID":11,"Name":"Displacement (CC)"},{"DataType":"decimal","Description":"&lt;p&gt;Engine displacement (in cubic inches) is the volume swept by all the pistons inside the cylinders of a reciprocating engine in a single movement from top dead center to bottom dead center.&lt;\/p&gt;","GroupName":"Engine","ID":12,"Name":"Displacement (CI)"},{"DataType":"decimal","Description":"&lt;p&gt;Engine displacement (in liters) is the volume swept by all the pistons inside the cylinders of a reciprocating engine in a single movement from top dead center to bottom dead center.&lt;\/p&gt;","GroupName":"Engine","ID":13,"Name":"Displacement (L)"},{"DataType":"int","Description":"&lt;p&gt;This is a numerical field to store the number of doors on a vehicle.&lt;\/p&gt;","GroupName":"Exterior \/ Body","ID":14,"Name":"Doors"},{"DataType":"lookup","Description":"&lt;p&gt;Drive type stores information about vehicle drivetrain configuration. The most common drive types for passenger cars, crossover vehicles, and pickup trucks are front-wheel drive (FWD), rear-wheel drive (RWD), all-wheel drive (AWD), and 4-wheel drive (4WD).&lt;\/p&gt;","GroupName":"Mechanical \/ Drivetrain","ID":15,"Name":"Drive Type"},{"DataType":"int","Description":"&lt;p&gt;Engine stroke cycle is a numerical field for the number of strokes used by an internal combustion engine to complete a power cycle.&lt;\/p&gt;","GroupName":"Engine","ID":17,"Name":"Engine Stroke Cycles"},{"DataType":"string","Description":"&lt;p&gt;Engine model is a name that a manufacturer applies to a family of engine.&lt;\/p&gt;","GroupName":"Engine","ID":18,"Name":"Engine Model"},{"DataType":"decimal","Description":"&lt;p&gt;This field stores engine power in kilowatts (kW).&lt;\/p&gt;","GroupName":"Engine","ID":21,"Name":"Engine Power (kW)"},{"DataType":"lookup","Description":"&lt;p&gt;This field defines the type of different entertainment systems in vehicles.&lt;\/p&gt;","GroupName":"Interior","ID":23,"Name":"Entertainment System"},{"DataType":"lookup","Description":"&lt;p&gt;Fuel type defines the fuel used to power the vehicle. For vehicles that have two power sources, such as plug-in hybrid vehicle, both primary fuel type and secondary fuel type will be provided.&lt;\/p&gt;","GroupName":"Engine","ID":24,"Name":"Fuel Type - Primary"},{"DataType":"lookup","Description":"&lt;p&gt;Gross vehicle weight rating (GVWR) is the maximum operating weight of a vehicle including the vehicle's chassis, body, engine, engine fluids, fuel, accessories, driver, passengers and cargo, but excluding that of the trailers. Per 49 CFR 565.15, Class 1 is further broken down to Class A-D; Class 2 is further broken down to Class E-H. This field captures the lower bound of GVWR range for the vehicle.&lt;\/p&gt;","GroupName":"Exterior \/ Dimension","ID":25,"Name":"Gross Vehicle Weight Rating From"},{"DataType":"lookup","Description":"&lt;p&gt;Per 49 CFR 565, Make is a name that a manufacturer applies to a group of vehicles or engines.&lt;\/p&gt;","GroupName":"General","ID":26,"Name":"Make"},{"DataType":"lookup","Description":"Name of the vehicle manufacturer.","GroupName":"General","ID":27,"Name":"Manufacturer Name"},{"DataType":"lookup","Description":"&lt;p&gt;Per 49 CFR 565, Model means a name that a manufacturer applies to a family of vehicles of the same type, make, line, series and body type.&lt;\/p&gt;","GroupName":"General","ID":28,"Name":"Model"},{"DataType":"int","Description":"&lt;p&gt;If the model year (MY) is supplied when the VIN is decoded, such as from a crash report or a vehicle registration record, the MY value will be the supplied MY, even if the MY decoded from the VIN differs from the supplied MY. If the MY is not supplied when the VIN is decoded, the MY value will be decoded from the 10th character in the VIN.&lt;\/p&gt;","GroupName":"General","ID":29,"Name":"Model Year"},{"DataType":"string","Description":"&lt;p&gt;This data element captures the city of the manufacturing plant where the manufacturer affixes the VIN.&lt;\/p&gt;","GroupName":"General","ID":31,"Name":"Plant City"},{"DataType":"int","Description":"&lt;p&gt;This data element is a numeric field to store the number of seats in a vehicle.&lt;\/p&gt;","GroupName":"Interior \/ Seat","ID":33,"Name":"Number of Seats"},{"DataType":"string","Description":"&lt;p&gt;Per 49 CFR 565, Series means a name that a manufacturer applies to a subdivision of a \"line\" denoting price, size or weight identification and that is used by the manufacturer for marketing purposes.&lt;\/p&gt;","GroupName":"General","ID":34,"Name":"Series"},{"DataType":"lookup","Description":"&lt;p&gt;This data element captures the location of steering column, either on left- (LHD) or right-hand side (RHD).&lt;\/p&gt;","GroupName":"Interior","ID":36,"Name":"Steering Location"},{"DataType":"lookup","Description":"&lt;p&gt;Transmission style provides information about the type of transmissions. The major types of transmissions are manual transmission, automatic transmission, continuously variable transmission (CVT), and dual-clutch transmission (DCT).&lt;\/p&gt; ","GroupName":"Mechanical \/ Transmission","ID":37,"Name":"Transmission Style"},{"DataType":"string","Description":"&lt;p&gt;Trim levels further identify a vehicle by a particular set of special features. Higher trim levels either will add to the features of the base (entry-level model), or replace them with something else.&lt;\/p&gt;","GroupName":"General","ID":38,"Name":"Trim"},{"DataType":"lookup","Description":"&lt;p&gt;This field defines the type of the vehicle based on the World Manufacturer Identifier (WMI).&lt;\/p&gt;","GroupName":"General","ID":39,"Name":"Vehicle Type"},{"DataType":"int","Description":"&lt;p&gt;This field defines the number of windows on a vehicle.&lt;\/p&gt;","GroupName":"Exterior \/ Body","ID":40,"Name":"Windows"},{"DataType":"int","Description":"&lt;p&gt;This numerical field defines the number of axles on a vehicle.&lt;\/p&gt;","GroupName":"Mechanical \/ Drivetrain","ID":41,"Name":"Axles"},{"DataType":"lookup","Description":"&lt;p&gt;Brake system type is the type of brake systems used to stop and hold the vehicle or combination of motor vehicles.&lt;\/p&gt;","GroupName":"Mechanical \/ Brake","ID":42,"Name":"Brake System Type"},{"DataType":"int","Description":"&lt;p&gt;This field stores the information about how battery cells are arranged for a vehicle.&lt;\/p&gt;","GroupName":"Mechanical \/ Battery","ID":48,"Name":"Number of Battery Cells per Module"},{"DataType":"int","Description":"&lt;p&gt;Defines the length of the pickup truck bed in inches.&lt;\/p&gt;","GroupName":"Exterior \/ Dimension","ID":49,"Name":"Bed Length (inches)"},{"DataType":"string","Description":"&lt;p&gt;This field provides additional details about the brake system.&lt;\/p&gt;","GroupName":"Mechanical \/ Brake","ID":52,"Name":"Brake System Description"},{"DataType":"int","Description":"&lt;p&gt;Curb weight (in pounds) is the total weight of a vehicle with standard equipment, all necessary operating consumables such as motor oil, transmission oil, coolant, air conditioning refrigerant, and a full tank of fuel, while not loaded with either passengers or cargo.&lt;\/p&gt;","GroupName":"Exterior \/ Dimension","ID":54,"Name":"Curb Weig... (set the log level to DEBUG or TRACE to see the full content) 
 </msg>
<msg timestamp="20231101 17:28:17.607" level="INFO">C:\Users\januk\AppData\Local\Programs\Python\Python310\lib\site-packages\urllib3\connectionpool.py:1043: InsecureRequestWarning: Unverified HTTPS request is being made to host 'vpic.nhtsa.dot.gov'. Adding certificate verification is strongly advised. See: https://urllib3.readthedocs.io/en/1.26.x/advanced-usage.html#ssl-warnings
  warnings.warn(</msg>
<msg timestamp="20231101 17:28:17.607" level="INFO">${Get_Response} = &lt;Response [200]&gt;</msg>
<status status="PASS" starttime="20231101 17:28:15.413" endtime="20231101 17:28:17.607"/>
</kw>
<kw name="Set Variable" library="BuiltIn">
<var>${Get_Response_Content}</var>
<arg>${Get_Response.content}</arg>
<doc>Returns the given values which can then be assigned to a variables.</doc>
<msg timestamp="20231101 17:28:17.607" level="INFO">${Get_Response_Content} = {"Count":140,"Message":"Results returned successfully","SearchCriteria":null,"Results":[{"DataType":"string","Description":"&lt;p&gt;This field stores any other battery information that does not belong to a...</msg>
<status status="PASS" starttime="20231101 17:28:17.607" endtime="20231101 17:28:17.607"/>
</kw>
<kw name="Set Variable" library="BuiltIn">
<var>${json_response}</var>
<arg>${Get_Response.json()}</arg>
<doc>Returns the given values which can then be assigned to a variables.</doc>
<msg timestamp="20231101 17:28:17.623" level="INFO">${json_response} = {'Count': 140, 'Message': 'Results returned successfully', 'SearchCriteria': None, 'Results': [{'DataType': 'string', 'Description': '&lt;p&gt;This field stores any other battery information that does not b...</msg>
<status status="PASS" starttime="20231101 17:28:17.607" endtime="20231101 17:28:17.623"/>
</kw>
<kw name="Get Value From Json" library="JSONLibrary">
<var>@{res1}</var>
<arg>${json_response}</arg>
<arg>Results</arg>
<doc>Get Value From JSON using JSONPath</doc>
<msg timestamp="20231101 17:28:17.645" level="INFO">@{res1} = [ [{'DataType': 'string', 'Description': '&lt;p&gt;This field stores any other battery information that does not belong to any of the other battery related fields.&lt;/p&gt;', 'GroupName': 'Mechanical / Battery',...</msg>
<status status="PASS" starttime="20231101 17:28:17.623" endtime="20231101 17:28:17.645"/>
</kw>
<kw name="Get From List" library="Collections">
<var>${get_from_list_1}</var>
<arg>${res1}</arg>
<arg>0</arg>
<doc>Returns the value specified with an ``index`` from ``list``.</doc>
<msg timestamp="20231101 17:28:17.646" level="INFO">${get_from_list_1} = [{'DataType': 'string', 'Description': '&lt;p&gt;This field stores any other battery information that does not belong to any of the other battery related fields.&lt;/p&gt;', 'GroupName': 'Mechanical / Battery', '...</msg>
<status status="PASS" starttime="20231101 17:28:17.646" endtime="20231101 17:28:17.646"/>
</kw>
<kw name="Get From List" library="Collections">
<var>${get_from_list_2}</var>
<arg>${get_from_list_1}</arg>
<arg>0</arg>
<doc>Returns the value specified with an ``index`` from ``list``.</doc>
<msg timestamp="20231101 17:28:17.647" level="INFO">${get_from_list_2} = {'DataType': 'string', 'Description': '&lt;p&gt;This field stores any other battery information that does not belong to any of the other battery related fields.&lt;/p&gt;', 'GroupName': 'Mechanical / Battery', 'I...</msg>
<status status="PASS" starttime="20231101 17:28:17.647" endtime="20231101 17:28:17.647"/>
</kw>
<kw name="Get Value From Json" library="JSONLibrary">
<var>@{res_1}</var>
<arg>${get_from_list_2}</arg>
<arg>GroupName</arg>
<doc>Get Value From JSON using JSONPath</doc>
<msg timestamp="20231101 17:28:17.675" level="INFO">@{res_1} = [ Mechanical / Battery ]</msg>
<status status="PASS" starttime="20231101 17:28:17.648" endtime="20231101 17:28:17.675"/>
</kw>
<kw name="Get From List" library="Collections">
<var>${res}</var>
<arg>${res_1}</arg>
<arg>0</arg>
<doc>Returns the value specified with an ``index`` from ``list``.</doc>
<msg timestamp="20231101 17:28:17.677" level="INFO">${res} = Mechanical / Battery</msg>
<status status="PASS" starttime="20231101 17:28:17.676" endtime="20231101 17:28:17.677"/>
</kw>
<kw name="Should Be Equal" library="BuiltIn">
<arg>${res}</arg>
<arg>Mechanical / Battery</arg>
<doc>Fails if the given objects are unequal.</doc>
<status status="PASS" starttime="20231101 17:28:17.677" endtime="20231101 17:28:17.677"/>
</kw>
<status status="PASS" starttime="20231101 17:28:15.413" endtime="20231101 17:28:17.677"/>
</test>
<status status="PASS" starttime="20231101 17:28:15.239" endtime="20231101 17:28:17.677"/>
</suite>
<statistics>
<total>
<stat pass="1" fail="0" skip="0">All Tests</stat>
</total>
<tag>
</tag>
<suite>
<stat pass="1" fail="0" skip="0" id="s1" name="Test Case 04">Test Case 04</stat>
</suite>
</statistics>
<errors>
</errors>
</robot>
