<?xml version="1.0" encoding="UTF-8"?>
<robot generator="Robot 6.1.1 (Python 3.10.2 on win32)" generated="20231101 17:32:10.536" rpa="false" schemaversion="4">
<suite id="s1" name="Task 01 Google Search" source="C:\Users\januk\Desktop\APITest\Tasks\task_01_google_search.robot">
<test id="s1-t1" name="Open_Browser_and_Search" line="11">
<kw name="Create Dictionary" library="BuiltIn">
<var>${headers}</var>
<arg>User-Agent=Mozilla/5.0</arg>
<doc>Creates and returns a dictionary based on the given ``items``.</doc>
<msg timestamp="20231101 17:32:10.616" level="INFO">${headers} = {'User-Agent': 'Mozilla/5.0'}</msg>
<status status="PASS" starttime="20231101 17:32:10.616" endtime="20231101 17:32:10.616"/>
</kw>
<kw name="Create Dictionary" library="BuiltIn">
<var>${query_params}</var>
<arg>q=${Search_word}</arg>
<doc>Creates and returns a dictionary based on the given ``items``.</doc>
<msg timestamp="20231101 17:32:10.616" level="INFO">${query_params} = {'q': 'Robot Framework'}</msg>
<status status="PASS" starttime="20231101 17:32:10.616" endtime="20231101 17:32:10.616"/>
</kw>
<kw name="GET" library="RequestsLibrary">
<var>${response}</var>
<arg>${Website}</arg>
<arg>headers=${headers}</arg>
<arg>params=${query_params}</arg>
<doc>Sends a GET request.</doc>
<msg timestamp="20231101 17:32:11.983" level="INFO">GET Request : url=http://www.googl.com/?q=Robot+Framework (redirected) 
 path_url=/?q=Robot+Framework 
 headers={'User-Agent': 'Mozilla/5.0', 'Accept-Encoding': 'gzip, deflate', 'Accept': '*/*', 'Connection': 'keep-alive'} 
 body=None 
 </msg>
<msg timestamp="20231101 17:32:11.983" level="INFO">GET Response : url=https://www.google.com/?q=Robot+Framework 
 status=200, reason=OK 
 headers={'Date': 'Wed, 01 Nov 2023 12:02:12 GMT', 'Expires': '-1', 'Cache-Control': 'private, max-age=0', 'Content-Type': 'text/html; charset=UTF-8', 'Content-Security-Policy-Report-Only': "object-src 'none';base-uri 'self';script-src 'nonce--b1PJb4oOMb_dlumuttHXQ' 'strict-dynamic' 'report-sample' 'unsafe-eval' 'unsafe-inline' https: http:;report-uri https://csp.withgoogle.com/csp/gws/other-hp", 'P3P': 'CP="This is not a P3P policy! See g.co/p3phelp for more info."', 'Content-Encoding': 'gzip', 'Server': 'gws', 'X-XSS-Protection': '0', 'X-Frame-Options': 'SAMEORIGIN', 'Set-Cookie': '1P_JAR=2023-11-01-12; expires=Fri, 01-Dec-2023 12:02:12 GMT; path=/; domain=.google.com; Secure, AEC=Ackid1SIGxq38ye3x_yKZmq-Xs8ajkCJIrneUkKYsIhaTEt7dUjXlcTBOQ; expires=Mon, 29-Apr-2024 12:02:12 GMT; path=/; domain=.google.com; Secure; HttpOnly; SameSite=lax, NID=511=lCUn2n5tBaoHSeBG0B97tOS3k3aa6XHYYE9P-7i4u4RPtOMDFBnZT9UukiBNCw5Wpaf8xDL7BOAHn9mVyn2N-M_JknohHIyLuYLEoOvPFm9qnIfYa2dzxfVS7XkIM-NMAYobA1We4-LpYGApdnzfciYkDTidMvG3cBHvTXJ_wbk; expires=Thu, 02-May-2024 12:02:12 GMT; path=/; domain=.google.com; HttpOnly', 'Alt-Svc': 'h3=":443"; ma=2592000,h3-29=":443"; ma=2592000', 'Transfer-Encoding': 'chunked'} 
 body=&lt;!doctype html&gt;&lt;html itemscope="" itemtype="http://schema.org/WebPage" lang="en-LK"&gt;&lt;head&gt;&lt;meta content="text/html; charset=UTF-8" http-equiv="Content-Type"&gt;&lt;meta content="/images/branding/googleg/1x/googleg_standard_color_128dp.png" itemprop="image"&gt;&lt;title&gt;Google&lt;/title&gt;&lt;script nonce="-b1PJb4oOMb_dlumuttHXQ"&gt;(function(){var _g={kEI:'RD5CZfzCOrrS1e8PnISuwAk',kEXPI:'0,1365467,207,2414,2390,2316,383,246,5,1129120,1197761,640,380090,16114,28684,22430,1362,12314,4751,12834,4998,17075,6884,31560,2872,2891,11754,606,60690,2614,3784,9707,230,1014,1,16916,2652,4,59617,4437,22592,6645,7596,1,42154,2,16737,3533,19491,5679,1020,31123,4568,6255,23421,1252,33064,2,2,1,6959,19673,8155,23351,872,19634,7,1922,9779,42459,20198,6050,14087,14,82,20206,8377,18988,5375,782,1484,764,15816,1804,7734,13277,26071,1635,2170,1071,23458,7914,9629,705,1106,10306,5209950,189,2,5993756,1209,252,2806273,141,801,29532,3,40,69,25,30,12,23940850,579,2737886,123562,1182080,14297,2376,39457,4429,3,1558,5,542,3,1513,179,1392250,23759270,8163,4636,8409,2878,1595,111,3443,6671,5131,1082,6882,3278,3044,874,2,3,2078,6,4496,3117,3999,1879,1523,2015,995,8970,778,1958,1234,3,2549,533,291,1347,726,460,1011,2777,2968,490,3309,1232,4641,2,3,1652,36,2052,27,6,5,15,313,1064,3,1047,3364,4,877,877,95,876,1021,79,2392,351,1192,1166,2743,418,350,2006,230,50,1082,307,645,694,3,127,1065,990,11,596,554,683,437,32,1325,50,968,241,94,202,212,215,48,880,18,419,79,975,1359,853,153,47,880,1140,310,658,167,189,279,4,520,755,173,84,1,6,236,1398,256,697,269,388,86,25,31,235,4,6,6,244,306,265,265,39,203,880,5,23,448,7,1,8,218,259,7,135,365,198,3,1128,703,540,108,2,148,188,2,397,218,3,163,209,87,294,185,1122,43,2,1528,6,905,96,27,51,2,2,4,2,2,2,579,1828,2558,258,21782704,1274',kBL:'PIm7',kOPI:89978449};(function(){var a;(null==(a=window.google)?0:a.stvsc)?google.kEI=_g.kEI:window.google=_g;}).call(this);})();(function(){google.sn='webhp';google.kHL='en-LK';})();(function(){
var h=this||self;function l(){return void 0!==window.google&amp;&amp;void 0!==window.google.kOPI&amp;&amp;0!==window.google.kOPI?window.google.kOPI:null};var m,n=[];function p(a){for(var b;a&amp;&amp;(!a.getAttribute||!(b=a.getAttribute("eid")));)a=a.parentNode;return b||m}function q(a){for(var b=null;a&amp;&amp;(!a.getAttribute||!(b=a.getAttribute("leid")));)a=a.parentNode;return b}function r(a){/^http:/i.test(a)&amp;&amp;"https:"===window.location.protocol&amp;&amp;(google.ml&amp;&amp;google.ml(Error("a"),!1,{src:a,glmm:1}),a="");return a}
function t(a,b,c,d,k){var e="";-1===b.search("&amp;ei=")&amp;&amp;(e="&amp;ei="+p(d),-1===b.search("&amp;lei=")&amp;&amp;(d=q(d))&amp;&amp;(e+="&amp;lei="+d));d="";var g=-1===b.search("&amp;cshid=")&amp;&amp;"slh"!==a,f=[];f.push(["zx",Date.now().toString()]);h._cshid&amp;&amp;g&amp;&amp;f.push(["cshid",h._cshid]);c=c();null!=c&amp;&amp;f.push(["opi",c.toString()]);for(c=0;c&lt;f.length;c++){if(0===c||0&lt;c)d+="&amp;";d+=f[c][0]+"="+f[c][1]}return"/"+(k||"gen_204")+"?atyp=i&amp;ct="+String(a)+"&amp;cad="+(b+e+d)};m=google.kEI;google.getEI=p;google.getLEI=q;google.ml=function(){return null};google.log=function(a,b,c,d,k,e){e=void 0===e?l:e;c||(c=t(a,b,e,d,k));if(c=r(c)){a=new Image;var g=n.length;n[g]=a;a.onerror=a.onload=a.onabort=function(){delete n[g]};a.src=c}};google.logUrl=function(a,b){b=void 0===b?l:b;return t("",a,b)};}).call(this);(function(){google.y={};google.sy=[];google.x=function(a,b){if(a)var c=a.id;else{do c=Math.random();while(google.y[c])}google.y[c]=[a,b];return!1};google.sx=function(a){google.sy.push(a)};google.lm=[];google.plm=function(a){google.lm.push.apply(google.lm,a)};google.lq=[];google.load=function(a,b,c){google.lq.push([[a],b,c])};google.loadAll=function(a,b){google.lq.push([a,b])};google.bx=!1;google.lx=function(){};var d=[];google.fce=function(a,b,c,e){d.push([a,b,c,e])};google.qce=d;}).call(this);google.f={};(function(){
document.documentElement.addEventListener("submit",function(b){var a;if(a=b.target){var c=a.getAttribute("data-submitfalse");a="1"===c||"q"===c&amp;&amp;!a.elements.q.value?!0:!1}else a=!1;a&amp;&amp;(b.preventDefault(),b.stopPropagation())},!0);document.documentElement.addEventListener("click",function(b){var a;a:{for(a=b.target;a&amp;&amp;a!==document.documentElement;a=a.parentElement)if("A"===a.tagName){a="1"===a.getAttribute("data-nohref");break a}a=!1}a&amp;&amp;b.preventDefault()},!0);}).call(this);&lt;/script&gt;&lt;style&gt;#gb{font:13px/27px Arial,sans-serif;height:30px}#gbz,#gbg{position:absolute;white-space:nowrap;top:0;height:30px;z-index:1000}#gbz{left:0;padding-left:4px}#gbg{right:0;padding-right:5px}#gbs{background:transparent;position:absolute;top:-999px;visibility:hidden;z-index:998;right:0}.gbto #gbs{background:#fff}#gbx3,#gbx4{background-color:#2d2d2d;background-image:none;_background-image:none;background-position:0 -138px;background-repeat:repeat-x;border-bottom:1px solid #000;font-size:24px;height:29px;_height:30px;opacity:1;filter:alpha(opacity=100);position:absolute;top:0;width:100%;z-index:990}#gbx3{left:0}#gbx4{right:0}#gbb{position:relative}#gbbw{left:0;position:absolute;top:30px;width:100%}.gbtcb{position:absolute;visibility:hidden}#gbz .gbtcb{right:0}#gbg .gbtcb{left:0}.gbxx{display:none !important}.gbxo{opacity:0 !important;filter:alpha(opacity=0) !important}.gbm{position:absolute;z-index:999;top:-999px;visibility:hidden;text-align:left;border:1px solid #bebebe;background:#fff;-moz-box-shadow:-1px 1px 1px rgba(0,0,0,.2);-webkit-box-shadow:0 2px 4px rgba(0,0,0,.2);box-shadow:0 2px 4px rgba(0,0,0,.2)}.gbrtl .gbm{-moz-box-shadow:1px 1px 1px rgba(0,0,0,.2)}.gbto .gbm,.gbto #gbs{top:29px;visibility:visible}#gbz .gbm{left:0}#gbg .gbm{right:0}.gbxms{background-color:#ccc;display:block;position:absolute;z-index:1;top:-1px;left:-2px;right:-2px;bottom:-2px;opacity:.4;-moz-border-radius:3px;filter:progid:DXImageTransform.Microsoft.Blur(pixelradius=5);*opacity:1;*top:-2px;*left:-5px;*right:5px;*bottom:4px;-ms-filter:"progid:DXImageTransform.Microsoft.Blur(pixelradius=5)";opacity:1\0/;top:-4px\0/;left:-6px\0/;right:5px\0/;bottom:4px\0/}.gbma{position:relative;top:-1px;border-style:solid dashed dashed;border-color:transparent;border-top-color:#c0c0c0;display:-moz-inline-box;display:inline-block;font-size:0;height:0;line-height:0;width:0;border-width:3px 3px 0;padding-top:1px;left:4px}#gbztms1,#gbi4m1,#gbi4s,#gbi4t{zoom:1}.gbtc,.gbmc,.gbmcc{display:block;list-style:none;margin:0;padding:0}.gbmc{background:#fff;padding:10px 0;position:relative;z-index:2;zoom:1}.gbt{position:relative;display:-moz-inline-box;display:inline-block;line-height:27px;padding:0;vertical-align:top}.gbt{*display:inline}.gbto{box-shadow:0 2px 4px rgba(0,0,0,.2);-moz-box-shadow:0 2px 4px rgba(0,0,0,.2);-webkit-box-shadow:0 2px 4px rgba(0,0,0,.2)}.gbzt,.gbgt{cursor:pointer;display:block;text-decoration:none !important}span#gbg6,span#gbg4{cursor:default}.gbts{border-left:1px solid transparent;border-right:1px solid transparent;display:block;*display:inline-block;padding:0 5px;position:relative;z-index:1000}.gbts{*display:inline}.gbzt .gbts{display:inline;zoom:1}.gbto .gbts{background:#fff;border-color:#bebebe;color:#36c;padding-bottom:1px;padding-top:2px}.gbz0l .gbts{color:#fff;font-weight:bold}.gbtsa{padding-right:9px}#gbz .gbzt,#gbz .gbgt,#gbg .gbgt{color:#ccc!important}.gbtb2{display:block;border-top:2px solid transparent}.gbto .gbzt .gbtb2,.gbto .gbgt .gbtb2{border-top-width:0}.gbtb .gbts{background:url(https://ssl.gstatic.com/gb/images/b_8d5afc09.png);_background:url(https://ssl.gstatic.com/gb/images/b8_3615d64d.png);background-position:-27px -22px;border:0;font-size:0;padding:29px 0 0;*padding:27px 0 0;width:1px}.gbzt:hover,.gbzt:focus,.gbgt-hvr,.gbgt:focus{background-color:#4c4c4c;background-image:none;_background-image:none;background-position:0 -102px;background-repeat:repeat-x;outline:none;text-decoration:none !important}.gbpdjs .gbto .gbm{min-width:99%}.gbz0l .gbtb2{border-top-color:#dd4b39!important}#gbi4s,#gbi4s1{font-weight:bold}#gbg6.gbgt-hvr,#gbg6.gbgt:focus{background-color:transparent;background-image:none}.gbg4a{font-size:0;line-height:0}.gbg4a .gbts{padding:27px 5px 0;*padding:25px 5px 0}.gbto .gbg4a .gbts{padding:29px 5px 1px;*padding:27px 5px 1px}#gbi4i,#gbi4id{left:5px;border:0;height:24px;position:absolute;top:1px;width:24px}.gbto #gbi4i,.gbto #gbi4id{top:3px}.gbi4p{display:block;width:24px}#gbi4id{background-position:-44px -101px}#gbmpid{background-position:0 0}#gbmpi,#gbmpid{border:none;display:inline-block;height:48px;width:48px}#gbmpiw{display:inline-block;line-height:9px;padding-left:20px;margin-top:10px;position:relative}#gbmpi,#gbmpid,#gbmpiw{*display:inline}#gbg5{font-size:0}#gbgs5{padding:5px !important}.gbto #gbgs5{padding:7px 5px 6px !important}#gbi5{background:url(https://ssl.gstatic.com/gb/images/b_8d5afc09.png);_background:url(https://ssl.gstatic.com/gb/images/b8_3615d64d.png);background-position:0 0;display:block;font-size:0;height:17px;width:16px}.gbto #gbi5{background-position:-6px -22px}.gbn .gbmt,.gbn .gbmt:visited,.gbnd .gbmt,.gbnd .gbmt:visited{color:#dd8e27 !important}.gbf .gbmt,.gbf .gbmt:visited{color:#900 !important}.gbmt,.gbml1,.gbmlb,.gbmt:visited,.gbml1:visited,.gbmlb:visited{color:#36c !important;text-decoration:none !important}.gbmt,.gbmt:visited{display:block}.gbml1,.gbmlb,.gbml1:visited,.gbmlb:visited{display:inline-block;margin:0 10px}.gbml1,.gbmlb,.gbml1:visited,.gbmlb:visited{*display:inline}.gbml1,.gbml1:visited{padding:0 10px}.gbml1-hvr,.gbml1:focus{outline:none;text-decoration:underline !important}#gbpm .gbml1{display:inline;margin:0;padding:0;white-space:nowrap}.gbmlb,.gbmlb:visited{line-height:27px}.gbmlb-hvr,.gbmlb:focus{outline:none;text-decoration:underline !important}.gbmlbw{color:#ccc;margin:0 10px}.gbmt{padding:0 20px}.gbmt:hover,.gbmt:focus{background:#eee;cursor:pointer;outline:0 solid black;text-decoration:none !important}.gbm0l,.gbm0l:visited{color:#000 !important;font-weight:bold}.gbmh{border-top:1px solid #bebebe;font-size:0;margin:10px 0}#gbd4 .gbmc{background:#f5f5f5;padding-top:0}#gbd4 .gbsbic::-webkit-scrollbar-track:vertical{background-color:#f5f5f5;margin-top:2px}#gbmpdv{background:#fff;border-bottom:1px solid #bebebe;-moz-box-shadow:0 2px 4px ... (set the log level to DEBUG or TRACE to see the full content) 
 </msg>
<msg timestamp="20231101 17:32:11.984" level="INFO">${response} = &lt;Response [200]&gt;</msg>
<status status="PASS" starttime="20231101 17:32:10.616" endtime="20231101 17:32:11.984"/>
</kw>
<kw name="Should Be Equal As Strings" library="BuiltIn">
<arg>${response.status_code}</arg>
<arg>200</arg>
<doc>Fails if objects are unequal after converting them to strings.</doc>
<msg timestamp="20231101 17:32:11.986" level="INFO">Argument types are:
&lt;class 'int'&gt;
&lt;class 'str'&gt;</msg>
<status status="PASS" starttime="20231101 17:32:11.985" endtime="20231101 17:32:11.986"/>
</kw>
<kw name="Log" library="BuiltIn">
<arg>Response content: ${response.text}</arg>
<doc>Logs the given message with the given level.</doc>
<msg timestamp="20231101 17:32:11.987" level="INFO">Response content: &lt;!doctype html&gt;&lt;html itemscope="" itemtype="http://schema.org/WebPage" lang="en-LK"&gt;&lt;head&gt;&lt;meta content="text/html; charset=UTF-8" http-equiv="Content-Type"&gt;&lt;meta content="/images/branding/googleg/1x/googleg_standard_color_128dp.png" itemprop="image"&gt;&lt;title&gt;Google&lt;/title&gt;&lt;script nonce="-b1PJb4oOMb_dlumuttHXQ"&gt;(function(){var _g={kEI:'RD5CZfzCOrrS1e8PnISuwAk',kEXPI:'0,1365467,207,2414,2390,2316,383,246,5,1129120,1197761,640,380090,16114,28684,22430,1362,12314,4751,12834,4998,17075,6884,31560,2872,2891,11754,606,60690,2614,3784,9707,230,1014,1,16916,2652,4,59617,4437,22592,6645,7596,1,42154,2,16737,3533,19491,5679,1020,31123,4568,6255,23421,1252,33064,2,2,1,6959,19673,8155,23351,872,19634,7,1922,9779,42459,20198,6050,14087,14,82,20206,8377,18988,5375,782,1484,764,15816,1804,7734,13277,26071,1635,2170,1071,23458,7914,9629,705,1106,10306,5209950,189,2,5993756,1209,252,2806273,141,801,29532,3,40,69,25,30,12,23940850,579,2737886,123562,1182080,14297,2376,39457,4429,3,1558,5,542,3,1513,179,1392250,23759270,8163,4636,8409,2878,1595,111,3443,6671,5131,1082,6882,3278,3044,874,2,3,2078,6,4496,3117,3999,1879,1523,2015,995,8970,778,1958,1234,3,2549,533,291,1347,726,460,1011,2777,2968,490,3309,1232,4641,2,3,1652,36,2052,27,6,5,15,313,1064,3,1047,3364,4,877,877,95,876,1021,79,2392,351,1192,1166,2743,418,350,2006,230,50,1082,307,645,694,3,127,1065,990,11,596,554,683,437,32,1325,50,968,241,94,202,212,215,48,880,18,419,79,975,1359,853,153,47,880,1140,310,658,167,189,279,4,520,755,173,84,1,6,236,1398,256,697,269,388,86,25,31,235,4,6,6,244,306,265,265,39,203,880,5,23,448,7,1,8,218,259,7,135,365,198,3,1128,703,540,108,2,148,188,2,397,218,3,163,209,87,294,185,1122,43,2,1528,6,905,96,27,51,2,2,4,2,2,2,579,1828,2558,258,21782704,1274',kBL:'PIm7',kOPI:89978449};(function(){var a;(null==(a=window.google)?0:a.stvsc)?google.kEI=_g.kEI:window.google=_g;}).call(this);})();(function(){google.sn='webhp';google.kHL='en-LK';})();(function(){
var h=this||self;function l(){return void 0!==window.google&amp;&amp;void 0!==window.google.kOPI&amp;&amp;0!==window.google.kOPI?window.google.kOPI:null};var m,n=[];function p(a){for(var b;a&amp;&amp;(!a.getAttribute||!(b=a.getAttribute("eid")));)a=a.parentNode;return b||m}function q(a){for(var b=null;a&amp;&amp;(!a.getAttribute||!(b=a.getAttribute("leid")));)a=a.parentNode;return b}function r(a){/^http:/i.test(a)&amp;&amp;"https:"===window.location.protocol&amp;&amp;(google.ml&amp;&amp;google.ml(Error("a"),!1,{src:a,glmm:1}),a="");return a}
function t(a,b,c,d,k){var e="";-1===b.search("&amp;ei=")&amp;&amp;(e="&amp;ei="+p(d),-1===b.search("&amp;lei=")&amp;&amp;(d=q(d))&amp;&amp;(e+="&amp;lei="+d));d="";var g=-1===b.search("&amp;cshid=")&amp;&amp;"slh"!==a,f=[];f.push(["zx",Date.now().toString()]);h._cshid&amp;&amp;g&amp;&amp;f.push(["cshid",h._cshid]);c=c();null!=c&amp;&amp;f.push(["opi",c.toString()]);for(c=0;c&lt;f.length;c++){if(0===c||0&lt;c)d+="&amp;";d+=f[c][0]+"="+f[c][1]}return"/"+(k||"gen_204")+"?atyp=i&amp;ct="+String(a)+"&amp;cad="+(b+e+d)};m=google.kEI;google.getEI=p;google.getLEI=q;google.ml=function(){return null};google.log=function(a,b,c,d,k,e){e=void 0===e?l:e;c||(c=t(a,b,e,d,k));if(c=r(c)){a=new Image;var g=n.length;n[g]=a;a.onerror=a.onload=a.onabort=function(){delete n[g]};a.src=c}};google.logUrl=function(a,b){b=void 0===b?l:b;return t("",a,b)};}).call(this);(function(){google.y={};google.sy=[];google.x=function(a,b){if(a)var c=a.id;else{do c=Math.random();while(google.y[c])}google.y[c]=[a,b];return!1};google.sx=function(a){google.sy.push(a)};google.lm=[];google.plm=function(a){google.lm.push.apply(google.lm,a)};google.lq=[];google.load=function(a,b,c){google.lq.push([[a],b,c])};google.loadAll=function(a,b){google.lq.push([a,b])};google.bx=!1;google.lx=function(){};var d=[];google.fce=function(a,b,c,e){d.push([a,b,c,e])};google.qce=d;}).call(this);google.f={};(function(){
document.documentElement.addEventListener("submit",function(b){var a;if(a=b.target){var c=a.getAttribute("data-submitfalse");a="1"===c||"q"===c&amp;&amp;!a.elements.q.value?!0:!1}else a=!1;a&amp;&amp;(b.preventDefault(),b.stopPropagation())},!0);document.documentElement.addEventListener("click",function(b){var a;a:{for(a=b.target;a&amp;&amp;a!==document.documentElement;a=a.parentElement)if("A"===a.tagName){a="1"===a.getAttribute("data-nohref");break a}a=!1}a&amp;&amp;b.preventDefault()},!0);}).call(this);&lt;/script&gt;&lt;style&gt;#gb{font:13px/27px Arial,sans-serif;height:30px}#gbz,#gbg{position:absolute;white-space:nowrap;top:0;height:30px;z-index:1000}#gbz{left:0;padding-left:4px}#gbg{right:0;padding-right:5px}#gbs{background:transparent;position:absolute;top:-999px;visibility:hidden;z-index:998;right:0}.gbto #gbs{background:#fff}#gbx3,#gbx4{background-color:#2d2d2d;background-image:none;_background-image:none;background-position:0 -138px;background-repeat:repeat-x;border-bottom:1px solid #000;font-size:24px;height:29px;_height:30px;opacity:1;filter:alpha(opacity=100);position:absolute;top:0;width:100%;z-index:990}#gbx3{left:0}#gbx4{right:0}#gbb{position:relative}#gbbw{left:0;position:absolute;top:30px;width:100%}.gbtcb{position:absolute;visibility:hidden}#gbz .gbtcb{right:0}#gbg .gbtcb{left:0}.gbxx{display:none !important}.gbxo{opacity:0 !important;filter:alpha(opacity=0) !important}.gbm{position:absolute;z-index:999;top:-999px;visibility:hidden;text-align:left;border:1px solid #bebebe;background:#fff;-moz-box-shadow:-1px 1px 1px rgba(0,0,0,.2);-webkit-box-shadow:0 2px 4px rgba(0,0,0,.2);box-shadow:0 2px 4px rgba(0,0,0,.2)}.gbrtl .gbm{-moz-box-shadow:1px 1px 1px rgba(0,0,0,.2)}.gbto .gbm,.gbto #gbs{top:29px;visibility:visible}#gbz .gbm{left:0}#gbg .gbm{right:0}.gbxms{background-color:#ccc;display:block;position:absolute;z-index:1;top:-1px;left:-2px;right:-2px;bottom:-2px;opacity:.4;-moz-border-radius:3px;filter:progid:DXImageTransform.Microsoft.Blur(pixelradius=5);*opacity:1;*top:-2px;*left:-5px;*right:5px;*bottom:4px;-ms-filter:"progid:DXImageTransform.Microsoft.Blur(pixelradius=5)";opacity:1\0/;top:-4px\0/;left:-6px\0/;right:5px\0/;bottom:4px\0/}.gbma{position:relative;top:-1px;border-style:solid dashed dashed;border-color:transparent;border-top-color:#c0c0c0;display:-moz-inline-box;display:inline-block;font-size:0;height:0;line-height:0;width:0;border-width:3px 3px 0;padding-top:1px;left:4px}#gbztms1,#gbi4m1,#gbi4s,#gbi4t{zoom:1}.gbtc,.gbmc,.gbmcc{display:block;list-style:none;margin:0;padding:0}.gbmc{background:#fff;padding:10px 0;position:relative;z-index:2;zoom:1}.gbt{position:relative;display:-moz-inline-box;display:inline-block;line-height:27px;padding:0;vertical-align:top}.gbt{*display:inline}.gbto{box-shadow:0 2px 4px rgba(0,0,0,.2);-moz-box-shadow:0 2px 4px rgba(0,0,0,.2);-webkit-box-shadow:0 2px 4px rgba(0,0,0,.2)}.gbzt,.gbgt{cursor:pointer;display:block;text-decoration:none !important}span#gbg6,span#gbg4{cursor:default}.gbts{border-left:1px solid transparent;border-right:1px solid transparent;display:block;*display:inline-block;padding:0 5px;position:relative;z-index:1000}.gbts{*display:inline}.gbzt .gbts{display:inline;zoom:1}.gbto .gbts{background:#fff;border-color:#bebebe;color:#36c;padding-bottom:1px;padding-top:2px}.gbz0l .gbts{color:#fff;font-weight:bold}.gbtsa{padding-right:9px}#gbz .gbzt,#gbz .gbgt,#gbg .gbgt{color:#ccc!important}.gbtb2{display:block;border-top:2px solid transparent}.gbto .gbzt .gbtb2,.gbto .gbgt .gbtb2{border-top-width:0}.gbtb .gbts{background:url(https://ssl.gstatic.com/gb/images/b_8d5afc09.png);_background:url(https://ssl.gstatic.com/gb/images/b8_3615d64d.png);background-position:-27px -22px;border:0;font-size:0;padding:29px 0 0;*padding:27px 0 0;width:1px}.gbzt:hover,.gbzt:focus,.gbgt-hvr,.gbgt:focus{background-color:#4c4c4c;background-image:none;_background-image:none;background-position:0 -102px;background-repeat:repeat-x;outline:none;text-decoration:none !important}.gbpdjs .gbto .gbm{min-width:99%}.gbz0l .gbtb2{border-top-color:#dd4b39!important}#gbi4s,#gbi4s1{font-weight:bold}#gbg6.gbgt-hvr,#gbg6.gbgt:focus{background-color:transparent;background-image:none}.gbg4a{font-size:0;line-height:0}.gbg4a .gbts{padding:27px 5px 0;*padding:25px 5px 0}.gbto .gbg4a .gbts{padding:29px 5px 1px;*padding:27px 5px 1px}#gbi4i,#gbi4id{left:5px;border:0;height:24px;position:absolute;top:1px;width:24px}.gbto #gbi4i,.gbto #gbi4id{top:3px}.gbi4p{display:block;width:24px}#gbi4id{background-position:-44px -101px}#gbmpid{background-position:0 0}#gbmpi,#gbmpid{border:none;display:inline-block;height:48px;width:48px}#gbmpiw{display:inline-block;line-height:9px;padding-left:20px;margin-top:10px;position:relative}#gbmpi,#gbmpid,#gbmpiw{*display:inline}#gbg5{font-size:0}#gbgs5{padding:5px !important}.gbto #gbgs5{padding:7px 5px 6px !important}#gbi5{background:url(https://ssl.gstatic.com/gb/images/b_8d5afc09.png);_background:url(https://ssl.gstatic.com/gb/images/b8_3615d64d.png);background-position:0 0;display:block;font-size:0;height:17px;width:16px}.gbto #gbi5{background-position:-6px -22px}.gbn .gbmt,.gbn .gbmt:visited,.gbnd .gbmt,.gbnd .gbmt:visited{color:#dd8e27 !important}.gbf .gbmt,.gbf .gbmt:visited{color:#900 !important}.gbmt,.gbml1,.gbmlb,.gbmt:visited,.gbml1:visited,.gbmlb:visited{color:#36c !important;text-decoration:none !important}.gbmt,.gbmt:visited{display:block}.gbml1,.gbmlb,.gbml1:visited,.gbmlb:visited{display:inline-block;margin:0 10px}.gbml1,.gbmlb,.gbml1:visited,.gbmlb:visited{*display:inline}.gbml1,.gbml1:visited{padding:0 10px}.gbml1-hvr,.gbml1:focus{outline:none;text-decoration:underline !important}#gbpm .gbml1{display:inline;margin:0;padding:0;white-space:nowrap}.gbmlb,.gbmlb:visited{line-height:27px}.gbmlb-hvr,.gbmlb:focus{outline:none;text-decoration:underline !important}.gbmlbw{color:#ccc;margin:0 10px}.gbmt{padding:0 20px}.gbmt:hover,.gbmt:focus{background:#eee;cursor:pointer;outline:0 solid black;text-decoration:none !important}.gbm0l,.gbm0l:visited{color:#000 !important;font-weight:bold}.gbmh{border-top:1px solid #bebebe;font-size:0;margin:10px 0}#gbd4 .gbmc{background:#f5f5f5;padding-top:0}#gbd4 .gbsbic::-webkit-scrollbar-track:vertical{background-color:#f5f5f5;margin-top:2px}#gbmpdv{background:#fff;border-bottom:1px solid #bebebe;-moz-box-shadow:0 2px 4px rgba(0,0,0,.12);-o-box-shadow:0 2px 4px rgba(0,0,0,.12);-webkit-box-shadow:0 2px 4px rgba(0,0,0,.12);box-shadow:0 2px 4px rgba(0,0,0,.12);position:relative;z-index:1}#gbd4 .gbmh{margin:0}.gbmtc{padding:0;margin:0;line-height:27px}.GBMCC:last-child:after,#GBMPAL:last-child:after{content:'\0A\0A';white-space:pre;position:absolute}#gbmps{*zoom:1}#gbd4 .gbpc,#gbmpas .gbmt{line-height:17px}#gbd4 .gbpgs .gbmtc{line-height:27px}#gbd4 .gbmtc{border-bottom:1px solid #bebebe}#gbd4 .gbpc{display:inline-block;margin:16px 0 10px;padding-right:50px;vertical-align:top}#gbd4 .gbpc{*display:inline}.gbpc .gbps,.gbpc .gbps2{display:block;margin:0 20px}#gbmplp.gbps{margin:0 10px}.gbpc .gbps{color:#000;font-weight:bold}.gbpc .gbpd{margin-bottom:5px}.gbpd .gbmt,.gbpd .gbps{color:#666 !important}.gbpd .gbmt{opacity:.4;filter:alpha(opacity=40)}.gbps2{color:#666;display:block}.gbp0{display:none}.gbp0 .gbps2{font-weight:bold}#gbd4 .gbmcc{margin-top:5px}.gbpmc{background:#fef9db}.gbpmc .gbpmtc{padding:10px 20px}#gbpm{border:0;*border-collapse:collapse;border-spacing:0;margin:0;white-space:normal}#gbpm .gbpmtc{border-top:none;color:#000 !important;font:11px Arial,sans-serif}#gbpms{*white-space:nowrap}.gbpms2{font-weight:bold;white-space:nowrap}#gbmpal{*border-collapse:collapse;border-spacing:0;border:0;margin:0;white-space:nowrap;width:100%}.gbmpala,.gbmpalb{font:13px Arial,sans-serif;line-height:27px;padding:10px 20px 0;white-space:nowrap}.gbmpala{padding-left:0;text-align:left}.gbmpalb{padding-right:0;text-align:right}#gbmpasb .gbps{color:#000}#gbmpal .gbqfbb{margin:0 20px}.gbp0 .gbps{*display:inline}a.gbiba{margin:8px 20px 10px}.gbmpiaw{display:inline-block;padding-right:10px;margin-bottom:6px;margin-top:10px}.gbxv{visibility:hidden}.gbmpiaa{display:block;margin-top:10px}.gbmpia{border:none;display:block;height:48px;width:48px}.gbmpnw{display:inline-block;height:auto;margin:10px 0;vertical-align:top}
.gbqfb,.gbqfba,.gbqfbb{-moz-border-radius:2px;-webkit-border-radius:2px;border-radius:2px;cursor:default !important;display:inline-block;font-weight:bold;height:29px;line-height:29px;min-width:54px;*min-width:70px;padding:0 8px;text-align:center;text-decoration:none !important;-moz-user-select:none;-webkit-user-select:none}.gbqfb:focus,.gbqfba:focus,.gbqfbb:focus{border:1px solid #4d90fe;-moz-box-shadow:inset 0 0 0 1px rgba(255, 255, 255, 0.5);-webkit-box-shadow:inset 0 0 0 1px rgba(255, 255, 255, 0.5);box-shadow:inset 0 0 0 1px rgba(255, 255, 255, 0.5);outline:none}.gbqfb-hvr:focus,.gbqfba-hvr:focus,.gbqfbb-hvr:focus{-webkit-box-shadow:inset 0 0 0 1px #fff,0 1px 1px rgba(0,0,0,.1);-moz-box-shadow:inset 0 0 0 1px #fff,0 1px 1px rgba(0,0,0,.1);box-shadow:inset 0 0 0 1px #fff,0 1px 1px rgba(0,0,0,.1)}.gbqfb-no-focus:focus{border:1px solid #3079ed;-moz-box-shadow:none;-webkit-box-shadow:none;box-shadow:none}.gbqfb-hvr,.gbqfba-hvr,.gbqfbb-hvr{-webkit-box-shadow:0 1px 1px rgba(0,0,0,.1);-moz-box-shadow:0 1px 1px rgba(0,0,0,.1);box-shadow:0 1px 1px rgba(0,0,0,.1)}.gbqfb::-moz-focus-inner,.gbqfba::-moz-focus-inner,.gbqfbb::-moz-focus-inner{border:0}.gbqfba,.gbqfbb{border:1px solid #dcdcdc;border-color:rgba(0,0,0,.1);color:#444 !important;font-size:11px}.gbqfb{background-color:#4d90fe;background-image:-webkit-gradient(linear,left top,left bottom,from(#4d90fe),to(#4787ed));background-image:-webkit-linear-gradient(top,#4d90fe,#4787ed);background-image:-moz-linear-gradient(top,#4d90fe,#4787ed);background-image:-ms-linear-gradient(top,#4d90fe,#4787ed);background-image:-o-linear-gradient(top,#4d90fe,#4787ed);background-image:linear-gradient(top,#4d90fe,#4787ed);filter:progid:DXImageTransform.Microsoft.gradient(startColorStr='#4d90fe',EndColorStr='#4787ed');border:1px solid #3079ed;color:#fff!important;margin:0 0}.gbqfb-hvr{border-color:#2f5bb7}.gbqfb-hvr:focus{border-color:#2f5bb7}.gbqfb-hvr,.gbqfb-hvr:focus{background-color:#357ae8;background-image:-webkit-gradient(linear,left top,left bottom,from(#4d90fe),to(#357ae8));background-image:-webkit-linear-gradient(top,#4d90fe,#357ae8);background-image:-moz-linear-gradient(top,#4d90fe,#357ae8);background-image:-ms-linear-gradient(top,#4d90fe,#357ae8);background-image:-o-linear-gradient(top,#4d90fe,#357ae8);background-image:linear-gradient(top,#4d90fe,#357ae8)}.gbqfb:active{background-color:inherit;-webkit-box-shadow:inset 0 1px 2px rgba(0, 0, 0, 0.3);-moz-box-shadow:inset 0 1px 2px rgba(0, 0, 0, 0.3);box-shadow:inset 0 1px 2px rgba(0, 0, 0, 0.3)}.gbqfba{background-color:#f5f5f5;background-image:-webkit-gradient(linear,left top,left bottom,from(#f5f5f5),to(#f1f1f1));background-image:-webkit-linear-gradient(top,#f5f5f5,#f1f1f1);background-image:-moz-linear-gradient(top,#f5f5f5,#f1f1f1);background-image:-ms-linear-gradient(top,#f5f5f5,#f1f1f1);background-image:-o-linear-gradient(top,#f5f5f5,#f1f1f1);background-image:linear-gradient(top,#f5f5f5,#f1f1f1);filter:progid:DXImageTransform.Microsoft.gradient(startColorStr='#f5f5f5',EndColorStr='#f1f1f1')}.gbqfba-hvr,.gbqfba-hvr:active{background-color:#f8f8f8;background-image:-webkit-gradient(linear,left top,left bottom,from(#f8f8f8),to(#f1f1f1));background-image:-webkit-linear-gradient(top,#f8f8f8,#f1f1f1);background-image:-moz-linear-gradient(top,#f8f8f8,#f1f1f1);background-image:-ms-linear-gradient(top,#f8f8f8,#f1f1f1);background-image:-o-linear-gradient(top,#f8f8f8,#f1f1f1);background-image:linear-gradient(top,#f8f8f8,#f1f1f1);filter:progid:DXImageTransform.Microsoft.gradient(startColorStr='#f8f8f8',EndColorStr='#f1f1f1')}.gbqfbb{background-color:#fff;background-image:-webkit-gradient(linear,left top,left bottom,from(#fff),to(#fbfbfb));background-image:-webkit-linear-gradient(top,#fff,#fbfbfb);background-image:-moz-linear-gradient(top,#fff,#fbfbfb);background-image:-ms-linear-gradient(top,#fff,#fbfbfb);background-image:-o-linear-gradient(top,#fff,#fbfbfb);background-image:linear-gradient(top,#fff,#fbfbfb);filter:progid:DXImageTransform.Microsoft.gradient(startColorStr='#ffffff',EndColorStr='#fbfbfb')}.gbqfbb-hvr,.gbqfbb-hvr:active{background-color:#fff;background-image:-webkit-gradient(linear,left top,left bottom,from(#fff),to(#f8f8f8));background-image:-webkit-linear-gradient(top,#fff,#f8f8f8);background-image:-moz-linear-gradient(top,#fff,#f8f8f8);background-image:-ms-linear-gradient(top,#fff,#f8f8f8);background-image:-o-linear-gradient(top,#fff,#f8f8f8);background-image:linear-gradient(top,#fff,#f8f8f8);filter:progid:DXImageTransform.Microsoft.gradient(startColorStr='#ffffff',EndColorStr='#f8f8f8')}.gbqfba-hvr,.gbqfba-hvr:active,.gbqfbb-hvr,.gbqfbb-hvr:active{border-color:#c6c6c6;-webkit-box-shadow:0 1px 1px rgba(0,0,0,.1);-moz-box-shadow:0 1px 1px rgba(0,0,0,.1);box-shadow:0 1px 1px rgba(0,0,0,.1);color:#222 !important}.gbqfba:active,.gbqfbb:active{-webkit-box-shadow:inset 0 1px 2px rgba(0,0,0,.1);-moz-box-shadow:inset 0 1px 2px rgba(0,0,0,.1);box-shadow:inset 0 1px 2px rgba(0,0,0,.1)}
#gbmpas{max-height:220px}#gbmm{max-height:530px}.gbsb{-webkit-box-sizing:border-box;display:block;position:relative;*zoom:1}.gbsbic{overflow:auto}.gbsbis .gbsbt,.gbsbis .gbsbb{-webkit-mask-box-image:-webkit-gradient(linear,left top,right top,color-stop(0,rgba(0,0,0,.1)),color-stop(.5,rgba(0,0,0,.8)),color-stop(1,rgba(0,0,0,.1)));left:0;margin-right:0;opacity:0;position:absolute;width:100%}.gbsb .gbsbt:after,.gbsb .gbsbb:after{content:"";display:block;height:0;left:0;position:absolute;width:100%}.gbsbis .gbsbt{background:-webkit-gradient(linear,left top,left bottom,from(rgba(0,0,0,.2)),to(rgba(0,0,0,0)));background-image:-webkit-linear-gradient(top,rgba(0,0,0,.2),rgba(0,0,0,0));background-image:-moz-linear-gradient(top,rgba(0,0,0,.2),rgba(0,0,0,0));background-image:-ms-linear-gradient(top,rgba(0,0,0,.2),rgba(0,0,0,0));background-image:-o-linear-gradient(top,rgba(0,0,0,.2),rgba(0,0,0,0));background-image:linear-gradient(top,rgba(0,0,0,.2),rgba(0,0,0,0));height:6px;top:0}.gbsb .gbsbt:after{border-top:1px solid #ebebeb;border-color:rgba(0,0,0,.3);top:0}.gbsb .gbsbb{-webkit-mask-box-image:-webkit-gradient(linear,left top,right top,color-stop(0,rgba(0,0,0,.1)),color-stop(.5,rgba(0,0,0,.8)),color-stop(1,rgba(0,0,0,.1)));background:-webkit-gradient(linear,left bottom,left top,from(rgba(0,0,0,.2)),to(rgba(0,0,0,0)));background-image:-webkit-linear-gradient(bottom,rgba(0,0,0,.2),rgba(0,0,0,0));background-image:-moz-linear-gradient(bottom,rgba(0,0,0,.2),rgba(0,0,0,0));background-image:-ms-linear-gradient(bottom,rgba(0,0,0,.2),rgba(0,0,0,0));background-image:-o-linear-gradient(bottom,rgba(0,0,0,.2),rgba(0,0,0,0));background-image:linear-gradient(bottom,rgba(0,0,0,.2),rgba(0,0,0,0));bottom:0;height:4px}.gbsb .gbsbb:after{border-bottom:1px solid #ebebeb;border-color:rgba(0,0,0,.3);bottom:0}
&lt;/style&gt;&lt;style&gt;body,td,a,p,.h{font-family:arial,sans-serif}body{margin:0;overflow-y:scroll}#gog{padding:3px 8px 0}td{line-height:.8em}.gac_m td{line-height:17px}form{margin-bottom:20px}.h{color:#1967d2}em{font-weight:bold;font-style:normal}.lst{height:25px;width:496px}.gsfi,.lst{font:18px arial,sans-serif}.gsfs{font:17px arial,sans-serif}.ds{display:inline-box;display:inline-block;margin:3px 0 4px;margin-left:4px}input{font-family:inherit}body{background:#fff;color:#000}a{color:#681da8;text-decoration:none}a:hover,a:active{text-decoration:underline}.fl a{color:#1967d2}a:visited{color:#681da8}.sblc{padding-top:5px}.sblc a{display:block;margin:2px 0;margin-left:13px;font-size:11px}.lsbb{background:#f8f9fa;border:solid 1px;border-color:#dadce0 #70757a #70757a #dadce0;height:30px}.lsbb{display:block}#WqQANb a{display:inline-block;margin:0 12px}.lsb{background:url(/images/nav_logo229.png) 0 -261px repeat-x;color:#000;border:none;cursor:pointer;height:30px;margin:0;outline:0;font:15px arial,sans-serif;vertical-align:top}.lsb:active{background:#dadce0}.lst:focus{outline:none}&lt;/style&gt;&lt;script nonce="-b1PJb4oOMb_dlumuttHXQ"&gt;(function(){window.google.erd={jsr:1,bv:1894,de:true};
var h=this||self;var k,l=null!=(k=h.mei)?k:1,n,p=null!=(n=h.sdo)?n:!0,q=0,r,t=google.erd,v=t.jsr;google.ml=function(a,b,d,m,e){e=void 0===e?2:e;b&amp;&amp;(r=a&amp;&amp;a.message);void 0===d&amp;&amp;(d={});d.cad="ple_"+google.ple+".aple_"+google.aple;if(google.dl)return google.dl(a,e,d),null;if(0&gt;v){window.console&amp;&amp;console.error(a,d);if(-2===v)throw a;b=!1}else b=!a||!a.message||"Error loading script"===a.message||q&gt;=l&amp;&amp;!m?!1:!0;if(!b)return null;q++;d=d||{};b=encodeURIComponent;var c="/gen_204?atyp=i&amp;ei="+b(google.kEI);google.kEXPI&amp;&amp;(c+="&amp;jexpid="+b(google.kEXPI));c+="&amp;srcpg="+b(google.sn)+"&amp;jsr="+b(t.jsr)+"&amp;bver="+
b(t.bv);var f=a.lineNumber;void 0!==f&amp;&amp;(c+="&amp;line="+f);var g=a.fileName;g&amp;&amp;(0&lt;g.indexOf("-extension:/")&amp;&amp;(e=3),c+="&amp;script="+b(g),f&amp;&amp;g===window.location.href&amp;&amp;(f=document.documentElement.outerHTML.split("\n")[f],c+="&amp;cad="+b(f?f.substring(0,300):"No script found.")));google.ple&amp;&amp;1===google.ple&amp;&amp;(e=2);c+="&amp;jsel="+e;for(var u in d)c+="&amp;",c+=b(u),c+="=",c+=b(d[u]);c=c+"&amp;emsg="+b(a.name+": "+a.message);c=c+"&amp;jsst="+b(a.stack||"N/A");12288&lt;=c.length&amp;&amp;(c=c.substr(0,12288));a=c;m||google.log(0,"",a);return a};window.onerror=function(a,b,d,m,e){r!==a&amp;&amp;(a=e instanceof Error?e:Error(a),void 0===d||"lineNumber"in a||(a.lineNumber=d),void 0===b||"fileName"in a||(a.fileName=b),google.ml(a,!1,void 0,!1,"SyntaxError"===a.name||"SyntaxError"===a.message.substring(0,11)||-1!==a.message.indexOf("Script error")?3:0));r=null;p&amp;&amp;q&gt;=l&amp;&amp;(window.onerror=null)};})();(function(){try{/*

 Copyright The Closure Library Authors.
 SPDX-License-Identifier: Apache-2.0
*/
var e=this||self;var aa=function(a,b,c,d){d=d||{};d._sn=["cfg",b,c].join(".");window.gbar.logger.ml(a,d)};var f=window.gbar=window.gbar||{},h=window.gbar.i=window.gbar.i||{},da;function _tvn(a,b){a=parseInt(a,10);return isNaN(a)?b:a}function _tvf(a,b){a=parseFloat(a);return isNaN(a)?b:a}function _tvv(a){return!!a}function n(a,b,c){(c||f)[a]=b}f.bv={n:_tvn("2",0),r:"",f:".66.",e:"",m:_tvn("1",1)};
function ea(a,b,c){var d="on"+b;if(a.addEventListener)a.addEventListener(b,c,!1);else if(a.attachEvent)a.attachEvent(d,c);else{var g=a[d];a[d]=function(){var k=g.apply(this,arguments),m=c.apply(this,arguments);return void 0==k?m:void 0==m?k:m&amp;&amp;k}}}var fa=function(a){return function(){return f.bv.m==a}},ha=fa(1),ia=fa(2);n("sb",ha);n("kn",ia);h.a=_tvv;h.b=_tvf;h.c=_tvn;h.i=aa;var q=window.gbar.i.i;var r=function(){},u=function(){},la=function(a){var b=new Image,c=ja;b.onerror=b.onload=b.onabort=function(){try{delete ka[c]}catch(d){}};ka[c]=b;b.src=a;ja=c+1},ka=[],ja=0;n("logger",{il:u,ml:r,log:la});var v=window.gbar.logger;var w={},x={createScript:function(a){return a}};x=self.trustedTypes&amp;&amp;self.trustedTypes.createPolicy?self.trustedTypes.createPolicy("ogb#inline",x):x;
var ma={},y=[],na=h.b("0.1",.1),oa=h.a("1",!0),pa=function(a,b){y.push([a,b])},qa=function(a,b){w[a]=b},ra=function(a){return a in w},z={},A=function(a,b){z[a]||(z[a]=[]);z[a].push(b)},B=function(a){A("m",a)},C=function(a,b){var c=document.createElement("script");c.src=x.createScript(a);c.async=oa;Math.random()&lt;na&amp;&amp;(c.onerror=function(){c.onerror=null;r(Error("Bundle load failed: name="+(b||"UNK")+" url="+a))});(document.getElementById("xjsc")||
document.getElementsByTagName("body")[0]||document.getElementsByTagName("head")[0]).appendChild(c)},F=function(a){for(var b,c=0;(b=y[c])&amp;&amp;b[0]!=a;++c);!b||b[1].l||b[1].s||(b[1].s=!0,D(2,a),b[1].url&amp;&amp;C(b[1].url,a),b[1].libs&amp;&amp;E&amp;&amp;E(b[1].libs))},sa=function(a){A("gc",a)},G=null,ta=function(a){G=a},D=function(a,b,c){if(G){a={t:a,b:b};if(c)for(var d in c)a[d]=c[d];try{G(a)}catch(g){}}};n("mdc",w);n("mdi",ma);n("bnc",y);n("qGC",sa);n("qm",B);n("qd",z);n("lb",F);n("mcf",qa);n("bcf",pa);n("aq",A);
n("mdd","");n("has",ra);n("trh",ta);n("tev",D);if(h.a("m;/_/scs/abc-static/_/js/k=gapi.gapi.en.CzrNRWo3AFk.O/d=1/rs=AHpOoo8xPbrtpW2bPUIcgU2adGqIEpV82Q/m=__features__")){var H=function(a,b){return ua?a||b:b},I=h.a("1"),va=h.a(""),wa=h.a(""),ua=h.a(""),J=window.gapi=H(window.gapi,{}),K=function(a,b){var c=function(){f.dgl(a,b)};I?B(c):(A("gl",c),F("gl"))},xa={},ya=function(a){a=a.split(":");for(var b;(b=a.pop())&amp;&amp;xa[b];);return!b},E=function(a){function b(){for(var c=a.split(":"),d,g=0;d=c[g];++g)xa[d]=1;for(c=0;d=y[c];++c)d=d[1],(g=d.libs)&amp;&amp;!d.l&amp;&amp;d.i&amp;&amp;ya(g)&amp;&amp;
d.i()}f.dgl(a,b)},L=window.___jsl=H(window.___jsl,{});L.h=H(L.h,"m;/_/scs/abc-static/_/js/k=gapi.gapi.en.CzrNRWo3AFk.O/d=1/rs=AHpOoo8xPbrtpW2bPUIcgU2adGqIEpV82Q/m=__features__");L.ms=H(L.ms,"https://apis.google.com");L.m=H(L.m,"");L.l=H(L.l,[]);L.dpo=H(L.dpo,"");I||y.push(["gl",{url:"//ssl.gstatic.com/gb/js/abc/glm_e7bb39a7e1a24581ff4f8d199678b1b9.js"}]);var za={pu:va,sh:"",si:wa,hl:"en"};w.gl=za;ua?J.load||n("load",K,J):n("load",K,J);n("dgl",K);n("agl",ya);h.o=I};var Aa=h.b("0.1",.001),Ba=0;
function _mlToken(a,b){try{if(1&gt;Ba){Ba++;var c=a;b=b||{};var d=encodeURIComponent,g=["//www.google.com/gen_204?atyp=i&amp;zx=",(new Date).getTime(),"&amp;jexpid=",d("28834"),"&amp;srcpg=",d("prop=1"),"&amp;jsr=",Math.round(1/Aa),"&amp;ogev=",d("RD5CZerKO6_i1e8PoZuM6A8"),"&amp;ogf=",f.bv.f,"&amp;ogrp=",d(""),"&amp;ogv=",d("577692278.0"),"&amp;oggv="+d("es_plusone_gc_20231003.0_p0"),"&amp;ogd=",d("com"),"&amp;ogc=",d("LKA"),"&amp;ogl=",d("en")];b._sn&amp;&amp;(b._sn=
"og."+b._sn);for(var k in b)g.push("&amp;"),g.push(d(k)),g.push("="),g.push(d(b[k]));g.push("&amp;emsg=");g.push(d(c.name+":"+c.message));var m=g.join("");Ca(m)&amp;&amp;(m=m.substr(0,2E3));var p=m;var l=window.gbar.logger._aem(a,p);la(l)}}catch(t){}}var Ca=function(a){return 2E3&lt;=a.length},Ga=function(a,b){return b};function Ja(a){r=a;n("_itl",Ca,v);n("_aem",Ga,v);n("ml",r,v);a={};w.er=a}h.a("")?Ja(function(a){throw a;}):h.a("1")&amp;&amp;Math.random()&lt;Aa&amp;&amp;Ja(_mlToken);var _E="left",Ka=h.a(""),La=h.a(""),N=function(a,b){var c=a.className;M(a,b)||(a.className+=(""!=c?" ":"")+b)},O=function(a,b){var c=a.className;b=new RegExp("\\s?\\b"+b+"\\b");c&amp;&amp;c.match(b)&amp;&amp;(a.className=c.replace(b,""))},M=function(a,b){b=new RegExp("\\b"+b+"\\b");a=a.className;return!(!a||!a.match(b))},Ma=function(a,b){M(a,b)?O(a,b):N(a,b)},Na=function(a,b){a[b]=function(c){var d=arguments;f.qm(function(){a[b].apply(this,d)})}},Oa=function(a){a=
[La?"":"https://www.gstatic.com","/og/_/js/d=1/k=","og.og.en_US.nYw6rI9JA4w.es5.O","/rt=j/m=",a,"/rs=","AA2YrTtD3yvh_X5RhJTVNisDYzBV6rB6hA"];Ka&amp;&amp;a.push("?host=www.gstatic.com&amp;bust=og.og.en_US.hQ2RcGlLA-s.es5.DU");a=a.join("");C(a)};n("ca",N);n("cr",O);n("cc",M);h.k=N;h.l=O;h.m=M;h.n=Ma;h.p=Oa;h.q=Na;var Pa=["gb_71","gb_155"],Qa;function Ra(a){Qa=a}function Sa(a){var b=Qa&amp;&amp;!a.href.match(/.*\/accounts\/ClearSID[?]/)&amp;&amp;encodeURIComponent(Qa());b&amp;&amp;(a.href=a.href.replace(/([?&amp;]continue=)[^&amp;]*/,"$1"+b))}function Ta(a){window.gApplication&amp;&amp;(a.href=window.gApplication.getTabUrl(a.href))}function Ua(a){try{var b=(document.forms[0].q||"").value;b&amp;&amp;(a.href=a.href.replace(/([?&amp;])q=[^&amp;]*|$/,function(c,d){return(d||"&amp;")+"q="+encodeURIComponent(b)}))}catch(c){q(c,"sb","pq")}}
var Va=function(){for(var a=[],b,c=0;b=Pa[c];++c)(b=document.getElementById(b))&amp;&amp;a.push(b);return a},Wa=function(){var a=Va();return 0&lt;a.length?a[0]:null},Xa=function(){return document.getElementById("gb_70")},P={},Q={},Ya={},R={},S=void 0,cb=function(a,b){try{var c=document.getElementById("gb");N(c,"gbpdjs");T();Za(document.getElementById("gb"))&amp;&amp;N(c,"gbrtl");if(b&amp;&amp;b.getAttribute){var d=b.getAttribute("aria-owns");if(d.length){var g=document.getElementById(d);if(g){var k=b.parentNode;if(S==d)S=void 0,
O(k,"gbto");else{if(S){var m=document.getElementById(S);if(m&amp;&amp;m.getAttribute){var p=m.getAttribute("aria-owner");if(p.length){var l=document.getElementById(p);l&amp;&amp;l.parentNode&amp;&amp;O(l.parentNode,"gbto")}}}$a(g)&amp;&amp;ab(g);S=d;N(k,"gbto")}}}}B(function(){f.tg(a,b,!0)});bb(a)}catch(t){q(t,"sb","tg")}},db=function(a){B(function(){f.close(a)})},eb=function(a){B(function(){f.rdd(a)})},Za=function(a){var b,c=document.defaultView;c&amp;&amp;c.getComputedStyle?(a=c.getComputedStyle(a,""))&amp;&amp;(b=a.direction):b=a.currentStyle?
a.currentStyle.direction:a.style.direction;return"rtl"==b},gb=function(a,b,c){if(a)try{var d=document.getElementById("gbd5");if(d){var g=d.firstChild,k=g.firstChild,m=document.createElement("li");m.className=b+" gbmtc";m.id=c;a.className="gbmt";m.appendChild(a);if(k.hasChildNodes()){c=[["gbkc"],["gbf","gbe","gbn"],["gbkp"],["gbnd"]];d=0;var p=k.childNodes.length;g=!1;for(var l=-1,t,Da=0;t=c[Da];Da++){for(var ba=void 0,Ea=0;ba=t[Ea];Ea++){for(;d&lt;p&amp;&amp;M(k.childNodes[d],ba);)d++;if(ba==b){k.insertBefore(m,
k.childNodes[d]||null);g=!0;break}}if(g){if(d+1&lt;k.childNodes.length){var Fa=k.childNodes[d+1];M(Fa.firstChild,"gbmh")||fb(Fa,t)||(l=d+1)}else if(0&lt;=d-1){var Ha=k.childNodes[d-1];M(Ha.firstChild,"gbmh")||fb(Ha,t)||(l=d)}break}0&lt;d&amp;&amp;d+1&lt;p&amp;&amp;d++}if(0&lt;=l){var ca=document.createElement("li"),Ia=document.createElement("div");ca.className="gbmtc";Ia.className="gbmt gbmh";ca.appendChild(Ia);k.insertBefore(ca,k.childNodes[l])}f.addHover&amp;&amp;f.addHover(a)}else k.appendChild(m)}}catch(ub){q(ub,"sb","al")}},fb=function(a,
b){for(var c=b.length,d=0;d&lt;c;d++)if(M(a,b[d]))return!0;return!1},hb=function(a,b,c){gb(a,b,c)},ib=function(a,b){gb(a,"gbe",b)},jb=function(){B(function(){f.pcm&amp;&amp;f.pcm()})},kb=function(){B(function(){f.pca&amp;&amp;f.pca()})},lb=function(a,b,c,d,g,k,m,p,l,t){B(function(){f.paa&amp;&amp;f.paa(a,b,c,d,g,k,m,p,l,t)})},mb=function(a,b){P[a]||(P[a]=[]);P[a].push(b)},nb=function(a,b){Q[a]||(Q[a]=[]);Q[a].push(b)},ob=function(a,b){Ya[a]=b},pb=function(a,b){R[a]||(R[a]=[]);R[a].push(b)},bb=function(a){a.preventDefault&amp;&amp;
a.preventDefault();a.returnValue=!1;a.cancelBubble=!0},qb=null,ab=function(a,b){T();if(a){rb(a,"Opening&amp;hellip;");U(a,!0);b="undefined"!=typeof b?b:1E4;var c=function(){sb(a)};qb=window.setTimeout(c,b)}},tb=function(a){T();a&amp;&amp;(U(a,!1),rb(a,""))},sb=function(a){try{T();var b=a||document.getElementById(S);b&amp;&amp;(rb(b,"This service is currently unavailable.%1$sPlease try again later.","%1$s"),U(b,!0))}catch(c){q(c,"sb","sdhe")}},rb=function(a,b,c){if(a&amp;&amp;b){var d=$a(a);if(d){if(c){d.textContent="";b=b.split(c);for(var g=0;c=
b[g];g++){var k=document.createElement("div");k.innerHTML=c;d.appendChild(k)}}else d.innerHTML=b;U(a,!0)}}},U=function(a,b){(b=void 0!==b?b:!0)?N(a,"gbmsgo"):O(a,"gbmsgo")},$a=function(a){for(var b,c=0;b=a.childNodes[c];c++)if(M(b,"gbmsg"))return b},T=function(){qb&amp;&amp;window.clearTimeout(qb)},vb=function(a){var b="inner"+a;a="offset"+a;return window[b]?window[b]:document.documentElement&amp;&amp;document.documentElement[a]?document.documentElement[a]:0},wb=function(){return!1},xb=function(){return!!S};
n("so",Wa);n("sos",Va);n("si",Xa);n("tg",cb);n("close",db);n("rdd",eb);n("addLink",hb);n("addExtraLink",ib);n("pcm",jb);n("pca",kb);n("paa",lb);n("ddld",ab);n("ddrd",tb);n("dderr",sb);n("rtl",Za);n("op",xb);n("bh",P);n("abh",mb);n("dh",Q);n("adh",nb);n("ch",R);n("ach",pb);n("eh",Ya);n("aeh",ob);da=h.a("")?Ta:Ua;n("qs",da);n("setContinueCb",Ra);n("pc",Sa);n("bsy",wb);h.d=bb;h.j=vb;var yb={};w.base=yb;y.push(["m",{url:"//ssl.gstatic.com/gb/js/sem_5e6825101553e9529a89dc6f94e6d1c6.js"}]);f.sg={c:"1"};n("wg",{rg:{}});var zb={tiw:h.c("15000",0),tie:h.c("30000",0)};w.wg=zb;var Ab={thi:h.c("10000",0),thp:h.c("180000",0),tho:h.c("5000",0),tet:h.b("0.5",0)};w.wm=Ab;if(h.a("1")){var Bb=h.a("");y.push(["gc",{auto:Bb,url:"//ssl.gstatic.com/gb/js/abc/gci_91f30755d6a6b787dcc2a4062e6e9824.js",libs:"googleapis.client:gapi.iframes"}]);var Cb={version:"gci_91f30755d6a6b787dcc2a4062e6e9824.js",index:"",lang:"en"};w.gc=Cb;var Db=function(a){window.googleapis&amp;&amp;window.iframes?a&amp;&amp;a():(a&amp;&amp;sa(a),F("gc"))};n("lGC",Db);h.a("1")&amp;&amp;n("lPWF",Db)};window.__PVT="";function Eb(){}u=Eb;n("il",u,v);var Fb={};w.il=Fb;var Gb=function(a,b,c,d,g,k,m,p,l,t){B(function(){f.paa(a,b,c,d,g,k,m,p,l,t)})},Hb=function(){B(function(){f.prm()})},Ib=function(a){B(function(){f.spn(a)})},Jb=function(a){B(function(){f.sps(a)})},Kb=function(a){B(function(){f.spp(a)})},Lb={"27":"https://lh3.googleusercontent.com/ogw/default-user=s24","27":"https://lh3.googleusercontent.com/ogw/default-user=s24","27":"https://lh3.googleusercontent.com/ogw/default-user=s24"},Mb=function(a){return(a=Lb[a])||"https://lh3.googleusercontent.com/ogw/default-user=s24"},
Nb=function(){B(function(){f.spd()})};n("spn",Ib);n("spp",Kb);n("sps",Jb);n("spd",Nb);n("paa",Gb);n("prm",Hb);mb("gbd4",Hb);
if(h.a("")){var Ob={d:h.a(""),e:"",sanw:h.a(""),p:"https://lh3.googleusercontent.com/ogw/default-user=s96",cp:"1",xp:h.a("1"),mg:"%1$s (delegated)",md:"%1$s (default)",mh:"220",s:"1",pp:Mb,ppl:h.a(""),ppa:h.a(""),
ppm:"Google+ page"};w.prf=Ob};var V,Pb,W,Qb,X=0,Rb=function(a,b,c){if(a.indexOf)return a.indexOf(b,c);if(Array.indexOf)return Array.indexOf(a,b,c);for(c=null==c?0:0&gt;c?Math.max(0,a.length+c):c;c&lt;a.length;c++)if(c in a&amp;&amp;a[c]===b)return c;return-1},Y=function(a,b){return-1==Rb(a,X)?(q(Error(X+"_"+b),"up","caa"),!1):!0},Tb=function(a,b){Y([1,2],"r")&amp;&amp;(V[a]=V[a]||[],V[a].push(b),2==X&amp;&amp;window.setTimeout(function(){b(Sb(a))},0))},Ub=function(a,b,c){if(Y([1],"nap")&amp;&amp;c){for(var d=0;d&lt;c.length;d++)Pb[c[d]]=!0;f.up.spl(a,b,"nap",c)}},Vb=
function(a,b,c){if(Y([1],"aop")&amp;&amp;c){if(W)for(var d in W)W[d]=W[d]&amp;&amp;-1!=Rb(c,d);else for(W={},d=0;d&lt;c.length;d++)W[c[d]]=!0;f.up.spl(a,b,"aop",c)}},Wb=function(){try{if(X=2,!Qb){Qb=!0;for(var a in V)for(var b=V[a],c=0;c&lt;b.length;c++)try{b[c](Sb(a))}catch(d){q(d,"up","tp")}}}catch(d){q(d,"up","mtp")}},Sb=function(a){if(Y([2],"ssp")){var b=!Pb[a];W&amp;&amp;(b=b&amp;&amp;!!W[a]);return b}};Qb=!1;V={};Pb={};W=null;X=1;
var Xb=function(a){var b=!1;try{b=a.cookie&amp;&amp;a.cookie.match("PREF")}catch(c){}return!b},Yb=function(){try{return!!e.localStorage&amp;&amp;"object"==typeof e.localStorage}catch(a){return!1}},Zb=function(a){return a&amp;&amp;a.style&amp;&amp;a.style.behavior&amp;&amp;"undefined"!=typeof a.load},$b=function(a,b,c,d){try{Xb(document)||(d||(b="og-up-"+b),Yb()?e.localStorage.setItem(b,c):Zb(a)&amp;&amp;(a.setAttribute(b,c),a.save(a.id)))}catch(g){g.code!=DOMException.QUOTA_EXCEEDED_ERR&amp;&amp;q(g,"up","spd")}},ac=function(a,b,c){try{if(Xb(document))return"";
c||(b="og-up-"+b);if(Yb())return e.localStorage.getItem(b);if(Zb(a))return a.load(a.id),a.getAttribute(b)}catch(d){d.code!=DOMException.QUOTA_EXCEEDED_ERR&amp;&amp;q(d,"up","gpd")}return""},bc=function(a,b,c){a.addEventListener?a.addEventListener(b,c,!1):a.attachEvent&amp;&amp;a.attachEvent("on"+b,c)},cc=function(a){for(var b,c=0;b=a[c];c++){var d=f.up;b=b in d&amp;&amp;d[b];if(!b)return!1}return!0},dc=function(a,b){try{if(Xb(a))return-1;var c=a.cookie.match(/OGPC=([^;]*)/);if(c&amp;&amp;c[1]){var d=c[1].match(new RegExp("\\b"+
b+"-([0-9]+):"));if(d&amp;&amp;d[1])return parseInt(d[1],10)}}catch(g){g.code!=DOMException.QUOTA_EXCEEDED_ERR&amp;&amp;q(g,"up","gcc")}return-1};n("up",{r:Tb,nap:Ub,aop:Vb,tp:Wb,ssp:Sb,spd:$b,gpd:ac,aeh:bc,aal:cc,gcc:dc});var Z=function(a,b){a[b]=function(c){var d=arguments;f.qm(function(){a[b].apply(this,d)})}};Z(f.up,"sl");Z(f.up,"si");Z(f.up,"spl");Z(f.up,"dpc");Z(f.up,"iic");f.mcf("up",{sp:h.b("0.01",1),tld:"lk",prid:"1"});function ec(){function a(){for(var l;(l=k[m++])&amp;&amp;"m"!=l[0]&amp;&amp;!l[1].auto;);l&amp;&amp;(D(2,l[0]),l[1].url&amp;&amp;C(l[1].url,l[0]),l[1].libs&amp;&amp;E&amp;&amp;E(l[1].libs));m&lt;k.length&amp;&amp;setTimeout(a,0)}function b(){0&lt;g--?setTimeout(b,0):a()}var c=h.a("1"),d=h.a(""),g=3,k=y,m=0,p=window.gbarOnReady;if(p)try{p()}catch(l){q(l,"ml","or")}d?n("ldb",a):c?ea(window,"load",b):b()}n("rdl",ec);}catch(e){window.gbar&amp;&amp;gbar.logger&amp;&amp;gbar.logger.ml(e,{"_sn":"cfg.init"});}})();
(function(){try{var b=window.gbar.i.i;var c=window.gbar;var f=function(d){try{var a=document.getElementById("gbom");a&amp;&amp;d.appendChild(a.cloneNode(!0))}catch(e){b(e,"omas","aomc")}};c.aomc=f;}catch(e){window.gbar&amp;&amp;gbar.logger&amp;&amp;gbar.logger.ml(e,{"_sn":"cfg.init"});}})();
(function(){try{var a=window.gbar;a.mcf("pm",{p:""});}catch(e){window.gbar&amp;&amp;gbar.logger&amp;&amp;gbar.logger.ml(e,{"_sn":"cfg.init"});}})();
(function(){try{var a=window.gbar;a.mcf("mm",{s:"1"});}catch(e){window.gbar&amp;&amp;gbar.logger&amp;&amp;gbar.logger.ml(e,{"_sn":"cfg.init"});}})();
(function(){try{var d=window.gbar.i.i;var e=window.gbar;var f=e.i;var g=f.c("1",0),h=/\bgbmt\b/,k=function(a){try{var b=document.getElementById("gb_"+g),c=document.getElementById("gb_"+a);b&amp;&amp;f.l(b,h.test(b.className)?"gbm0l":"gbz0l");c&amp;&amp;f.k(c,h.test(c.className)?"gbm0l":"gbz0l")}catch(l){d(l,"sj","ssp")}g=a},m=e.qs,n=function(a){var b=a.href;var c=window.location.href.match(/.*?:\/\/[^\/]*/)[0];c=new RegExp("^"+c+"/search\\?");(b=c.test(b))&amp;&amp;!/(^|\\?|&amp;)ei=/.test(a.href)&amp;&amp;(b=window.google)&amp;&amp;b.kEXPI&amp;&amp;(a.href+="&amp;ei="+b.kEI)},p=function(a){m(a);
n(a)},q=function(){if(window.google&amp;&amp;window.google.sn){var a=/.*hp$/;return a.test(window.google.sn)?"":"1"}return"-1"};e.rp=q;e.slp=k;e.qs=p;e.qsi=n;}catch(e){window.gbar&amp;&amp;gbar.logger&amp;&amp;gbar.logger.ml(e,{"_sn":"cfg.init"});}})();
(function(){try{/*

 Copyright The Closure Library Authors.
 SPDX-License-Identifier: Apache-2.0
*/
var a=this||self;var b=window.gbar;var c=b.i;var d=c.a,e=c.c,f={cty:"LKA",cv:"577692278",dbg:d(""),ecv:"0",ei:e("RD5CZerKO6_i1e8PoZuM6A8"),ele:d("1"),esr:e("0.1"),evts:["mousedown","touchstart","touchmove","wheel","keydown"],gbl:"es_plusone_gc_20231003.0_p0",hd:"com",hl:"en",irp:d(""),pid:e("1"),
snid:e("28834"),to:e("300000"),u:e(""),vf:".66."},g=f,h=["bndcfg"],k=a;h[0]in k||"undefined"==typeof k.execScript||k.execScript("var "+h[0]);for(var l;h.length&amp;&amp;(l=h.shift());)h.length||void 0===g?k=k[l]&amp;&amp;k[l]!==Object.prototype[l]?k[l]:k[l]={}:k[l]=g;}catch(e){window.gbar&amp;&amp;gbar.logger&amp;&amp;gbar.logger.ml(e,{"_sn":"cfg.init"});}})();
(function(){try{window.gbar.rdl();}catch(e){window.gbar&amp;&amp;gbar.logger&amp;&amp;gbar.logger.ml(e,{"_sn":"cfg.init"});}})();
&lt;/script&gt;&lt;/head&gt;&lt;body bgcolor="#fff"&gt;&lt;script nonce="-b1PJb4oOMb_dlumuttHXQ"&gt;(function(){var src='/images/nav_logo229.png';var iesg=false;document.body.onload = function(){window.n &amp;&amp; window.n();if (document.images){new Image().src=src;}
if (!iesg){document.f&amp;&amp;document.f.q.focus();document.gbqf&amp;&amp;document.gbqf.q.focus();}
}
})();&lt;/script&gt;&lt;div id="mngb"&gt;&lt;div id=gb&gt;&lt;script nonce='-b1PJb4oOMb_dlumuttHXQ'&gt;window.gbar&amp;&amp;gbar.eli&amp;&amp;gbar.eli()&lt;/script&gt;&lt;div id=gbw&gt;&lt;div id=gbz&gt;&lt;span class=gbtcb&gt;&lt;/span&gt;&lt;ol id=gbzc class=gbtc&gt;&lt;li class=gbt&gt;&lt;a class="gbzt gbz0l gbp1" id=gb_1 href="https://www.google.lk/webhp?tab=ww"&gt;&lt;span class=gbtb2&gt;&lt;/span&gt;&lt;span class=gbts&gt;Search&lt;/span&gt;&lt;/a&gt;&lt;/li&gt;&lt;li class=gbt&gt;&lt;a class=gbzt id=gb_2 href="https://www.google.com/imghp?hl=en&amp;tab=wi"&gt;&lt;span class=gbtb2&gt;&lt;/span&gt;&lt;span class=gbts&gt;Images&lt;/span&gt;&lt;/a&gt;&lt;/li&gt;&lt;li class=gbt&gt;&lt;a class=gbzt id=gb_8 href="https://maps.google.lk/maps?hl=en&amp;tab=wl"&gt;&lt;span class=gbtb2&gt;&lt;/span&gt;&lt;span class=gbts&gt;Maps&lt;/span&gt;&lt;/a&gt;&lt;/li&gt;&lt;li class=gbt&gt;&lt;a class=gbzt id=gb_78 href="https://play.google.com/?hl=en&amp;tab=w8"&gt;&lt;span class=gbtb2&gt;&lt;/span&gt;&lt;span class=gbts&gt;Play&lt;/span&gt;&lt;/a&gt;&lt;/li&gt;&lt;li class=gbt&gt;&lt;a class=gbzt id=gb_36 href="https://www.youtube.com/?tab=w1"&gt;&lt;span class=gbtb2&gt;&lt;/span&gt;&lt;span class=gbts&gt;YouTube&lt;/span&gt;&lt;/a&gt;&lt;/li&gt;&lt;li class=gbt&gt;&lt;a class=gbzt id=gb_426 href="https://news.google.com/?tab=wn"&gt;&lt;span class=gbtb2&gt;&lt;/span&gt;&lt;span class=gbts&gt;News&lt;/span&gt;&lt;/a&gt;&lt;/li&gt;&lt;li class=gbt&gt;&lt;a class=gbzt id=gb_23 href="https://mail.google.com/mail/?tab=wm"&gt;&lt;span class=gbtb2&gt;&lt;/span&gt;&lt;span class=gbts&gt;Gmail&lt;/span&gt;&lt;/a&gt;&lt;/li&gt;&lt;li class=gbt&gt;&lt;a class=gbzt id=gb_49 href="https://drive.google.com/?tab=wo"&gt;&lt;span class=gbtb2&gt;&lt;/span&gt;&lt;span class=gbts&gt;Drive&lt;/span&gt;&lt;/a&gt;&lt;/li&gt;&lt;li class=gbt&gt;&lt;a class=gbgt id=gbztm href="https://www.google.lk/intl/en/about/products?tab=wh"  aria-haspopup=true aria-owns=gbd&gt;&lt;span class=gbtb2&gt;&lt;/span&gt;&lt;span id=gbztms class="gbts gbtsa"&gt;&lt;span id=gbztms1&gt;More&lt;/span&gt;&lt;span class=gbma&gt;&lt;/span&gt;&lt;/span&gt;&lt;/a&gt;&lt;script nonce='-b1PJb4oOMb_dlumuttHXQ'&gt;document.getElementById('gbztm').addEventListener('click', function clickHandler() { gbar.tg(event,this); });&lt;/script&gt;&lt;div class=gbm id=gbd aria-owner=gbztm&gt;&lt;div id=gbmmb class="gbmc gbsb gbsbis"&gt;&lt;ol id=gbmm class="gbmcc gbsbic"&gt;&lt;li class=gbmtc&gt;&lt;a class=gbmt id=gb_24 href="https://calendar.google.com/calendar?tab=wc"&gt;Calendar&lt;/a&gt;&lt;/li&gt;&lt;li class=gbmtc&gt;&lt;a class=gbmt id=gb_51 href="https://translate.google.lk/?hl=en&amp;tab=wT"&gt;Translate&lt;/a&gt;&lt;/li&gt;&lt;li class=gbmtc&gt;&lt;a class=gbmt id=gb_10 href="https://books.google.lk/?hl=en&amp;tab=wp"&gt;Books&lt;/a&gt;&lt;/li&gt;&lt;li class=gbmtc&gt;&lt;a class=gbmt id=gb_6 href="https://www.google.lk/shopping?hl=en&amp;source=og&amp;tab=wf"&gt;Shopping&lt;/a&gt;&lt;/li&gt;&lt;li class=gbmtc&gt;&lt;a class=gbmt id=gb_30 href="https://www.blogger.com/?tab=wj"&gt;Blogger&lt;/a&gt;&lt;/li&gt;&lt;li class=gbmtc&gt;&lt;a class=gbmt id=gb_27 href="https://www.google.com/finance?tab=we"&gt;Finance&lt;/a&gt;&lt;/li&gt;&lt;li class=gbmtc&gt;&lt;a class=gbmt id=gb_31 href="https://photos.google.com/?tab=wq&amp;pageId=none"&gt;Photos&lt;/a&gt;&lt;/li&gt;&lt;li class=gbmtc&gt;&lt;a class=gbmt id=gb_25 href="https://docs.google.com/document/?usp=docs_alc"&gt;Docs&lt;/a&gt;&lt;/li&gt;&lt;li class=gbmtc&gt;&lt;div class="gbmt gbmh"&gt;&lt;/div&gt;&lt;/li&gt;&lt;li class=gbmtc&gt;&lt;a  href="https://www.google.lk/intl/en/about/products?tab=wh" class=gbmt&gt;Even more &amp;raquo;&lt;/a&gt;&lt;script nonce='-b1PJb4oOMb_dlumuttHXQ'&gt;document.querySelector('li &gt; a.gbmt').addEventListener('click', function clickHandler() { gbar.logger.il(1,{t:66});; });&lt;/script&gt;&lt;/li&gt;&lt;/ol&gt;&lt;div class=gbsbt&gt;&lt;/div&gt;&lt;div class=gbsbb&gt;&lt;/div&gt;&lt;/div&gt;&lt;/div&gt;&lt;/li&gt;&lt;/ol&gt;&lt;/div&gt;&lt;div id=gbg&gt;&lt;h2 class=gbxx&gt;Account Options&lt;/h2&gt;&lt;span class=gbtcb&gt;&lt;/span&gt;&lt;ol class=gbtc&gt;&lt;li class=gbt&gt;&lt;a target=_top href="https://accounts.google.com/ServiceLogin?hl=en&amp;passive=true&amp;continue=https://www.google.com/%3Fq%3DRobot%2BFramework&amp;ec=GAZAAQ" onclick="gbar.logger.il(9,{l:'i'})" id=gb_70 class=gbgt&gt;&lt;span class=gbtb2&gt;&lt;/span&gt;&lt;span id=gbgs4 class=gbts&gt;&lt;span id=gbi4s1&gt;Sign in&lt;/span&gt;&lt;/span&gt;&lt;/a&gt;&lt;/li&gt;&lt;li class="gbt gbtb"&gt;&lt;span class=gbts&gt;&lt;/span&gt;&lt;/li&gt;&lt;li class=gbt&gt;&lt;a class=gbgt id=gbg5 href="http://www.google.lk/preferences?hl=en" title="Options" aria-haspopup=true aria-owns=gbd5&gt;&lt;span class=gbtb2&gt;&lt;/span&gt;&lt;span id=gbgs5 class=gbts&gt;&lt;span id=gbi5&gt;&lt;/span&gt;&lt;/span&gt;&lt;/a&gt;&lt;script nonce='-b1PJb4oOMb_dlumuttHXQ'&gt;document.getElementById('gbg5').addEventListener('click', function clickHandler() { gbar.tg(event,this); });&lt;/script&gt;&lt;div class=gbm id=gbd5 aria-owner=gbg5&gt;&lt;div class=gbmc&gt;&lt;ol id=gbom class=gbmcc&gt;&lt;li class="gbkc gbmtc"&gt;&lt;a  class=gbmt href="/preferences?hl=en"&gt;Search settings&lt;/a&gt;&lt;/li&gt;&lt;li class=gbmtc&gt;&lt;div class="gbmt gbmh"&gt;&lt;/div&gt;&lt;/li&gt;&lt;li class="gbkp gbmtc"&gt;&lt;a class=gbmt href="http://www.google.lk/history/optout?hl=en"&gt;Web History&lt;/a&gt;&lt;/li&gt;&lt;/ol&gt;&lt;/div&gt;&lt;/div&gt;&lt;/li&gt;&lt;/ol&gt;&lt;/div&gt;&lt;/div&gt;&lt;div id=gbx3&gt;&lt;/div&gt;&lt;div id=gbx4&gt;&lt;/div&gt;&lt;script nonce='-b1PJb4oOMb_dlumuttHXQ'&gt;window.gbar&amp;&amp;gbar.elp&amp;&amp;gbar.elp()&lt;/script&gt;&lt;/div&gt;&lt;/div&gt;&lt;center&gt;&lt;br clear="all" id="lgpd"&gt;&lt;div id="lga"&gt;&lt;img alt="Google" height="92" src="/images/branding/googlelogo/1x/googlelogo_white_background_color_272x92dp.png" style="padding:28px 0 14px" width="272" id="hplogo"&gt;&lt;br&gt;&lt;br&gt;&lt;/div&gt;&lt;form action="/search" name="f"&gt;&lt;table cellpadding="0" cellspacing="0"&gt;&lt;tr valign="top"&gt;&lt;td width="25%"&gt;&amp;nbsp;&lt;/td&gt;&lt;td align="center" nowrap=""&gt;&lt;input value="en-LK" name="hl" type="hidden"&gt;&lt;input name="source" type="hidden" value="hp"&gt;&lt;input name="biw" type="hidden"&gt;&lt;input name="bih" type="hidden"&gt;&lt;div class="ds" style="height:32px;margin:4px 0"&gt;&lt;input class="lst" style="margin:0;padding:5px 8px 0 6px;vertical-align:top;color:#000" autocomplete="off" value="Robot Framework" title="Google Search" maxlength="2048" name="q" size="57"&gt;&lt;/div&gt;&lt;br style="line-height:0"&gt;&lt;span class="ds"&gt;&lt;span class="lsbb"&gt;&lt;input class="lsb" value="Google Search" name="btnG" type="submit"&gt;&lt;/span&gt;&lt;/span&gt;&lt;span class="ds"&gt;&lt;span class="lsbb"&gt;&lt;input class="lsb" id="tsuid_1" value="I'm Feeling Lucky" name="btnI" type="submit"&gt;&lt;script nonce="-b1PJb4oOMb_dlumuttHXQ"&gt;(function(){var id='tsuid_1';document.getElementById(id).onclick = function(){if (this.form.q.value){this.checked = 1;if (this.form.iflsig)this.form.iflsig.disabled = false;}
else top.location='/doodles/';};})();&lt;/script&gt;&lt;input value="AO6bgOgAAAAAZUJMVJyLU9gyS0TU9SvS8Vo9FiziZbOI" name="iflsig" type="hidden"&gt;&lt;/span&gt;&lt;/span&gt;&lt;/td&gt;&lt;td class="fl sblc" align="left" nowrap="" width="25%"&gt;&lt;a href="/advanced_search?hl=en-LK&amp;amp;authuser=0"&gt;Advanced search&lt;/a&gt;&lt;/td&gt;&lt;/tr&gt;&lt;/table&gt;&lt;input id="gbv" name="gbv" type="hidden" value="1"&gt;&lt;script nonce="-b1PJb4oOMb_dlumuttHXQ"&gt;(function(){var a,b="1";if(document&amp;&amp;document.getElementById)if("undefined"!=typeof XMLHttpRequest)b="2";else if("undefined"!=typeof ActiveXObject){var c,d,e=["MSXML2.XMLHTTP.6.0","MSXML2.XMLHTTP.3.0","MSXML2.XMLHTTP","Microsoft.XMLHTTP"];for(c=0;d=e[c++];)try{new ActiveXObject(d),b="2"}catch(h){}}a=b;if("2"==a&amp;&amp;-1==location.search.indexOf("&amp;gbv=2")){var f=google.gbvu,g=document.getElementById("gbv");g&amp;&amp;(g.value=a);f&amp;&amp;window.setTimeout(function(){location.href=f},0)};}).call(this);&lt;/script&gt;&lt;/form&gt;&lt;div id="gac_scont"&gt;&lt;/div&gt;&lt;div style="font-size:83%;min-height:3.5em"&gt;&lt;br&gt;&lt;div id="gws-output-pages-elements-homepage_additional_languages__als"&gt;&lt;style&gt;#gws-output-pages-elements-homepage_additional_languages__als{font-size:small;margin-bottom:24px}#SIvCob{color:#3c4043;display:inline-block;line-height:28px;}#SIvCob a{padding:0 3px;}.H6sW5{display:inline-block;margin:0 2px;white-space:nowrap}.z4hgWe{display:inline-block;margin:0 2px}&lt;/style&gt;&lt;div id="SIvCob"&gt;Google offered in:  &lt;a href="https://www.google.com/setprefs?sig=0_iD-0c2MNw7DOLzNKSvsX6uz1PNE%3D&amp;amp;hl=si&amp;amp;source=homepage&amp;amp;sa=X&amp;amp;ved=0ahUKEwj89J7V4KKCAxU6afUHHRyCC5gQ2ZgBCAU"&gt;සිංහල&lt;/a&gt;    &lt;a href="https://www.google.com/setprefs?sig=0_iD-0c2MNw7DOLzNKSvsX6uz1PNE%3D&amp;amp;hl=ta&amp;amp;source=homepage&amp;amp;sa=X&amp;amp;ved=0ahUKEwj89J7V4KKCAxU6afUHHRyCC5gQ2ZgBCAY"&gt;தமிழ்&lt;/a&gt;  &lt;/div&gt;&lt;/div&gt;&lt;/div&gt;&lt;span id="footer"&gt;&lt;div style="font-size:10pt"&gt;&lt;div style="margin:19px auto;text-align:center" id="WqQANb"&gt;&lt;a href="/intl/en/ads/"&gt;Advertising&lt;/a&gt;&lt;a href="/intl/en/about.html"&gt;About Google&lt;/a&gt;&lt;a href="https://www.google.com/setprefdomain?prefdom=LK&amp;amp;prev=https://www.google.lk/&amp;amp;sig=K_YKsjW7q_MG1euN-r4hcPxc4U1ws%3D"&gt;Google.lk&lt;/a&gt;&lt;/div&gt;&lt;/div&gt;&lt;p style="font-size:8pt;color:#70757a"&gt;&amp;copy; 2023 - &lt;a href="/intl/en/policies/privacy/"&gt;Privacy&lt;/a&gt; - &lt;a href="/intl/en/policies/terms/"&gt;Terms&lt;/a&gt;&lt;/p&gt;&lt;/span&gt;&lt;/center&gt;&lt;script nonce="-b1PJb4oOMb_dlumuttHXQ"&gt;(function(){window.google.cdo={height:757,width:1440};(function(){var a=window.innerWidth,b=window.innerHeight;if(!a||!b){var c=window.document,d="CSS1Compat"==c.compatMode?c.documentElement:c.body;a=d.clientWidth;b=d.clientHeight}
if(a&amp;&amp;b&amp;&amp;(a!=google.cdo.width||b!=google.cdo.height)){var e=google,f=e.log,g="/client_204?&amp;atyp=i&amp;biw="+a+"&amp;bih="+b+"&amp;ei="+google.kEI,h="",k=[],l=void 0!==window.google&amp;&amp;void 0!==window.google.kOPI&amp;&amp;0!==window.google.kOPI?window.google.kOPI:null;null!=l&amp;&amp;k.push(["opi",l.toString()]);for(var m=0;m&lt;k.length;m++){if(0===m||0&lt;m)h+="&amp;";h+=k[m][0]+"="+k[m][1]}f.call(e,"","",g+h)};}).call(this);})();&lt;/script&gt; &lt;script nonce="-b1PJb4oOMb_dlumuttHXQ"&gt;(function(){google.xjs={ck:'xjs.hp.8NIgacIL1kc.L.X.O',combam:'CAAAAAAAAAAAAAAAAAAACAAAAEQNhEMAAACAQAAIAAAAAQAQsEIQhGAAgAAAACIUgAAAFiAIAQBANADMAgAgIAYAAAAAAIR9AAAAAAgAAMAAAAAENApgQAhQBAQAAACQAwDgASAGARYAAAAAAAAAAAAABCxBMLggARAQAAAAAAAAAAAAAABASpo4',cs:'ACT90oEyBeAmSDEtdtk7OQKKjeBqeQI_ig',cssam:'AAAAAAAAAAAAAAAAAAAACAAAAEQIhAMAAAAAAAAIAAAAAQAAoAIAgGAAgAAAAAAAAAAAACAIAQBANAAAAgAgIAYAAAAAAIAAAAAAAAgAAIAAAAAEEAhgQAgAAAAAAAAAAgAAAAAAAAAAAAAAAAAAAAAAAAgAAAAAABAAAAAAAAAAAAAAAAAACA',cssopt:false,csss:'ACT90oGfOhG1WBJLBfYjbCi6bwMQm-IKlQ',excm:[],sepam:false,sepcss:false};})();&lt;/script&gt;     &lt;script nonce="-b1PJb4oOMb_dlumuttHXQ"&gt;(function(){var u='/xjs/_/js/k\x3dxjs.hp.en.6-e_XUvzuF4.O/am\x3dAAAAAAAAAAAAAAAAAAAAAAgAAAAAAA4ACBAAAAAAAAAAAAQAoCMAABYA4AI/d\x3d1/ed\x3d1/rs\x3dACT90oH5y073YWaagd8pU4g1unqZMYc5ug/m\x3dsb_he,d,cEt90b,SNUn3,qddgKe,sTsDMc,dtl0hd,eHDfl';var amd=0;
var e=this||self,f=function(a){return a};var g;var h=function(a){this.g=a};h.prototype.toString=function(){return this.g+""};var k={};var l=function(){var a=document;var b="SCRIPT";"application/xhtml+xml"===a.contentType&amp;&amp;(b=b.toLowerCase());return a.createElement(b)};
function m(a,b){a.src=b instanceof h&amp;&amp;b.constructor===h?b.g:"type_error:TrustedResourceUrl";var c,d;(c=(b=null==(d=(c=(a.ownerDocument&amp;&amp;a.ownerDocument.defaultView||window).document).querySelector)?void 0:d.call(c,"script[nonce]"))?b.nonce||b.getAttribute("nonce")||"":"")&amp;&amp;a.setAttribute("nonce",c)};function n(a){a=null===a?"null":void 0===a?"undefined":a;if(void 0===g){var b=null;var c=e.trustedTypes;if(c&amp;&amp;c.createPolicy){try{b=c.createPolicy("goog#html",{createHTML:f,createScript:f,createScriptURL:f})}catch(d){e.console&amp;&amp;e.console.error(d.message)}g=b}else g=b}a=(b=g)?b.createScriptURL(a):a;return new h(a,k)};void 0===google.ps&amp;&amp;(google.ps=[]);function p(){var a=u,b=function(){};google.lx=google.stvsc?b:function(){q(a);google.lx=b};google.bx||google.lx()}function r(a,b){b&amp;&amp;m(a,n(b));var c=a.onload;a.onload=function(d){c&amp;&amp;c(d);google.ps=google.ps.filter(function(t){return a!==t})};google.ps.push(a);document.body.appendChild(a)}google.as=r;function q(a){google.timers&amp;&amp;google.timers.load&amp;&amp;google.tick&amp;&amp;google.tick("load","xjsls");var b=l();b.onerror=function(){google.ple=1};b.onload=function(){google.ple=0};google.xjsus=void 0;r(b,a);google.aple=-1;google.psa=!0};google.xjsu=u;e._F_jsUrl=u;setTimeout(function(){0&lt;amd?google.caft(function(){return p()},amd):p()},0);})();window._ = window._ || {};window._DumpException = _._DumpException = function(e){throw e;};window._s = window._s || {};_s._DumpException = _._DumpException;window._qs = window._qs || {};_qs._DumpException = _._DumpException;(function(){var t=[1,0,0,0,2048,939524352,16809984,0,2048,243269648,23068674,47104];window._F_toggles = window._xjs_toggles = t;})();function _F_installCss(c){}
(function(){google.jl={blt:'none',chnk:0,dw:false,dwu:true,emtn:0,end:0,ico:false,ikb:0,ine:false,injs:'none',injt:0,injth:0,injv2:false,lls:'default',pdt:0,rep:0,snet:true,strt:0,ubm:false,uwp:true};})();(function(){var pmc='{\x22d\x22:{},\x22sb_he\x22:{\x22agen\x22:false,\x22cgen\x22:false,\x22client\x22:\x22heirloom-hp\x22,\x22dh\x22:true,\x22ds\x22:\x22\x22,\x22fl\x22:true,\x22host\x22:\x22google.com\x22,\x22jsonp\x22:true,\x22msgs\x22:{\x22cibl\x22:\x22Clear Search\x22,\x22dym\x22:\x22Did you mean:\x22,\x22lcky\x22:\x22I\\u0026#39;m Feeling Lucky\x22,\x22lml\x22:\x22Learn more\x22,\x22psrc\x22:\x22This search was removed from your \\u003Ca href\x3d\\\x22/history\\\x22\\u003EWeb History\\u003C/a\\u003E\x22,\x22psrl\x22:\x22Remove\x22,\x22sbit\x22:\x22Search by image\x22,\x22srch\x22:\x22Google Search\x22},\x22ovr\x22:{},\x22pq\x22:\x22Robot Framework\x22,\x22rfs\x22:[],\x22sbas\x22:\x220 3px 8px 0 rgba(0,0,0,0.2),0 0 0 1px rgba(0,0,0,0.08)\x22,\x22stok\x22:\x22g8QqsKu_uHqnRVVqdtRElGiNhOc\x22}}';google.pmc=JSON.parse(pmc);})();(function(){var b=function(a){var c=0;return function(){return c&lt;a.length?{done:!1,value:a[c++]}:{done:!0}}};
var e=this||self;var g,h;a:{for(var k=["CLOSURE_FLAGS"],l=e,n=0;n&lt;k.length;n++)if(l=l[k[n]],null==l){h=null;break a}h=l}var p=h&amp;&amp;h[610401301];g=null!=p?p:!1;var q,r=e.navigator;q=r?r.userAgentData||null:null;function t(a){return g?q?q.brands.some(function(c){return(c=c.brand)&amp;&amp;-1!=c.indexOf(a)}):!1:!1}function u(a){var c;a:{if(c=e.navigator)if(c=c.userAgent)break a;c=""}return-1!=c.indexOf(a)};function v(){return g?!!q&amp;&amp;0&lt;q.brands.length:!1}function w(){return u("Safari")&amp;&amp;!(x()||(v()?0:u("Coast"))||(v()?0:u("Opera"))||(v()?0:u("Edge"))||(v()?t("Microsoft Edge"):u("Edg/"))||(v()?t("Opera"):u("OPR"))||u("Firefox")||u("FxiOS")||u("Silk")||u("Android"))}function x(){return v()?t("Chromium"):(u("Chrome")||u("CriOS"))&amp;&amp;!(v()?0:u("Edge"))||u("Silk")}function y(){return u("Android")&amp;&amp;!(x()||u("Firefox")||u("FxiOS")||(v()?0:u("Opera"))||u("Silk"))};var z=v()?!1:u("Trident")||u("MSIE");y();x();w();Object.freeze({});var A=!z&amp;&amp;!w(),D=function(a){if(/-[a-z]/.test("ved"))return null;if(A&amp;&amp;a.dataset){if(y()&amp;&amp;!("ved"in a.dataset))return null;a=a.dataset.ved;return void 0===a?null:a}return a.getAttribute("data-"+"ved".replace(/([A-Z])/g,"-$1").toLowerCase())};var E=[],F=null;function G(a){a=a.target;var c=performance.now(),f=[],H=f.concat,d=E;if(!(d instanceof Array)){var m="undefined"!=typeof Symbol&amp;&amp;Symbol.iterator&amp;&amp;d[Symbol.iterator];if(m)d=m.call(d);else if("number"==typeof d.length)d={next:b(d)};else throw Error("a`"+String(d));for(var B=[];!(m=d.next()).done;)B.push(m.value);d=B}E=H.call(f,d,[c]);if(a&amp;&amp;a instanceof HTMLElement)if(a===F){if(c=4&lt;=E.length)c=5&gt;(E[E.length-1]-E[E.length-4])/1E3;if(c){c=google.getEI(a);a.hasAttribute("data-ved")?f=a?D(a)||"":"":f=(f=
a.closest("[data-ved]"))?D(f)||"":"";f=f||"";if(a.hasAttribute("jsname"))a=a.getAttribute("jsname");else{var C;a=null==(C=a.closest("[jsname]"))?void 0:C.getAttribute("jsname")}google.log("rcm","&amp;ei="+c+"&amp;ved="+f+"&amp;jsname="+(a||""))}}else F=a,E=[c]}window.document.addEventListener("DOMContentLoaded",function(){document.body.addEventListener("click",G)});}).call(this);&lt;/script&gt;&lt;/body&gt;&lt;/html&gt;</msg>
<status status="PASS" starttime="20231101 17:32:11.986" endtime="20231101 17:32:11.988"/>
</kw>
<status status="PASS" starttime="20231101 17:32:10.616" endtime="20231101 17:32:11.989"/>
</test>
<status status="PASS" starttime="20231101 17:32:10.536" endtime="20231101 17:32:11.991"/>
</suite>
<statistics>
<total>
<stat pass="1" fail="0" skip="0">All Tests</stat>
</total>
<tag>
</tag>
<suite>
<stat pass="1" fail="0" skip="0" id="s1" name="Task 01 Google Search">Task 01 Google Search</stat>
</suite>
</statistics>
<errors>
</errors>
</robot>
